This is pdfTeX, Version 3.141592653-2.6-1.40.29 (MiKTeX 26.5) (preloaded format=pdflatex 2026.6.19)  20 JUN 2026 04:51
entering extended mode
 restricted \write18 enabled.
 file:line:error style messages enabled.
 %&-line parsing enabled.
**"e:/FOE ASU/5. Senior 2 (EE)/Graduation Project/Thesis/Graduation-Project-Thesis/main.tex"
(e:/FOE ASU/5. Senior 2 (EE)/Graduation Project/Thesis/Graduation-Project-Thesis/main.tex
LaTeX2e <2026-06-01>
L3 programming layer <2026-05-26>
(C:\Program Files\MiKTeX\tex/latex/thesis\thesis.cls
Document Class: thesis 1996/25/01 1.0g LaTeX document class (wm).
\hours=\count276
\minutes=\count277
(C:\Program Files\MiKTeX\tex/latex/base\bk11.clo
File: bk11.clo 2025/01/22 v1.4n Standard LaTeX file (size option)
)
\c@part=\count278
\c@chapter=\count279
\c@section=\count280
\c@subsection=\count281
\c@subsubsection=\count282
\c@paragraph=\count283
\c@subparagraph=\count284
\beforechaptervspace=\skip49
\afterchaptervspace=\skip50
\exampleindent=\skip51
\c@figure=\count285
\c@table=\count286
\abovecaptionskip=\skip52
\belowcaptionskip=\skip53
\bibindent=\dimen150
) (C:\Program Files\MiKTeX\tex/latex/natbib\natbib.sty
Package: natbib 2010/09/13 8.31b (PWD, AO)
\bibhang=\skip54
\bibsep=\skip55
LaTeX Info: Redefining \cite on input line 694.
\c@NAT@ctr=\count287
) (C:\Program Files\MiKTeX\tex/latex/amsmath\amsmath.sty
Package: amsmath 2026/05/19 v2.18d AMS math features
\@mathmargin=\skip56

For additional information on amsmath, use the `?' option.
(C:\Program Files\MiKTeX\tex/latex/amsmath\amstext.sty
Package: amstext 2024/11/17 v2.01 AMS text
 (C:\Program Files\MiKTeX\tex/latex/amsmath\amsgen.sty
File: amsgen.sty 1999/11/30 v2.0 generic functions
\@emptytoks=\toks17
\ex@=\dimen151
)) (C:\Program Files\MiKTeX\tex/latex/amsmath\amsbsy.sty
Package: amsbsy 1999/11/29 v1.2d Bold Symbols
\pmbraise@=\dimen152
) (C:\Program Files\MiKTeX\tex/latex/amsmath\amsopn.sty
Package: amsopn 2022/04/08 v2.04 operator names
)
\inf@bad=\count288
LaTeX Info: Redefining \frac on input line 233.
\uproot@=\count289
\leftroot@=\count290
LaTeX Info: Redefining \overline on input line 398.
LaTeX Info: Redefining \colon on input line 409.
\classnum@=\count291
\DOTSCASE@=\count292
LaTeX Info: Redefining \ldots on input line 495.
LaTeX Info: Redefining \dots on input line 498.
LaTeX Info: Redefining \cdots on input line 619.
\Mathstrutbox@=\box53
\strutbox@=\box54
LaTeX Info: Redefining \big on input line 721.
LaTeX Info: Redefining \Big on input line 722.
LaTeX Info: Redefining \bigg on input line 723.
LaTeX Info: Redefining \Bigg on input line 724.
\big@size=\dimen153
LaTeX Font Info:    Redeclaring font encoding OML on input line 742.
LaTeX Font Info:    Redeclaring font encoding OMS on input line 743.
\macc@depth=\count293
LaTeX Info: Redefining \bmod on input line 904.
LaTeX Info: Redefining \pmod on input line 909.
LaTeX Info: Redefining \smash on input line 939.
LaTeX Info: Redefining \relbar on input line 969.
LaTeX Info: Redefining \Relbar on input line 970.
\c@MaxMatrixCols=\count294
\dotsspace@=\muskip17
\c@parentequation=\count295
\dspbrk@lvl=\count296
\tag@help=\toks18
\row@=\count297
\column@=\count298
\maxfields@=\count299
\andhelp@=\toks19
\eqnshift@=\dimen154
\alignsep@=\dimen155
\tagshift@=\dimen156
\tagwidth@=\dimen157
\totwidth@=\dimen158
\lineht@=\dimen159
\@envbody=\toks20
\multlinegap=\skip57
\multlinetaggap=\skip58
\mathdisplay@stack=\toks21
LaTeX Info: Redefining \[ on input line 2965.
LaTeX Info: Redefining \] on input line 2966.
) (C:\Program Files\MiKTeX\tex/latex/amsfonts\amssymb.sty
Package: amssymb 2013/01/14 v3.01 AMS font symbols
 (C:\Program Files\MiKTeX\tex/latex/amsfonts\amsfonts.sty
Package: amsfonts 2013/01/14 v3.01 Basic AMSFonts support
\symAMSa=\mathgroup4
\symAMSb=\mathgroup5
LaTeX Font Info:    Redeclaring math symbol \hbar on input line 98.
LaTeX Font Info:    Overwriting math alphabet `\mathfrak' in version `bold'
(Font)                  U/euf/m/n --> U/euf/b/n on input line 106.
)) (C:\Program Files\MiKTeX\tex/latex/siunitx\siunitx.sty
Package: siunitx 2026-05-15 v3.5.5 A comprehensive (SI) units package
\l__siunitx_number_uncert_offset_int=\count300
\l__siunitx_number_exponent_fixed_int=\count301
\l__siunitx_number_min_decimal_int=\count302
\l__siunitx_number_min_integer_int=\count303
\l__siunitx_number_round_precision_int=\count304
\l__siunitx_number_lower_threshold_int=\count305
\l__siunitx_number_upper_threshold_int=\count306
\l__siunitx_number_group_first_int=\count307
\l__siunitx_number_group_size_int=\count308
\l__siunitx_number_group_min_int=\count309
\l__siunitx_number_group_minimum_int=\count310
\l__siunitx_compound_count_int=\count311
 (C:\Program Files\MiKTeX\tex/latex/translations\translations.sty
Package: translations 2022/02/05 v1.12 internationalization of LaTeX2e packages (CN)
 (C:\Program Files\MiKTeX\tex/latex/etoolbox\etoolbox.sty
Package: etoolbox 2025/10/02 v2.5m e-TeX tools for LaTeX (JAW)
\etb@tempcnta=\count312
) (C:\Program Files\MiKTeX\tex/generic/pdftexcmds\pdftexcmds.sty
Package: pdftexcmds 2020-06-27 v0.33 Utility functions of pdfTeX for LuaTeX (HO)
 (C:\Program Files\MiKTeX\tex/generic/infwarerr\infwarerr.sty
Package: infwarerr 2019/12/03 v1.5 Providing info/warning/error messages (HO)
) (C:\Program Files\MiKTeX\tex/generic/iftex\iftex.sty
Package: iftex 2024/12/12 v1.0g TeX engine tests
) (C:\Program Files\MiKTeX\tex/generic/ltxcmds\ltxcmds.sty
Package: ltxcmds 2023-12-04 v1.26 LaTeX kernel commands for general use (HO)
)
Package pdftexcmds Info: \pdf@primitive is available.
Package pdftexcmds Info: \pdf@ifprimitive is available.
Package pdftexcmds Info: \pdfdraftmode found.
))
\l__siunitx_table_tmp_box=\box55
\l__siunitx_table_tmp_dim=\dimen160
\l__siunitx_table_column_width_dim=\dimen161
\l__siunitx_table_integer_box=\box56
\l__siunitx_table_decimal_box=\box57
\l__siunitx_table_uncert_box=\box58
\l__siunitx_table_before_box=\box59
\l__siunitx_table_after_box=\box60
\l__siunitx_table_before_dim=\dimen162
\l__siunitx_table_carry_dim=\dimen163
\l__siunitx_unit_tmp_int=\count313
\l__siunitx_unit_position_int=\count314
\l__siunitx_unit_total_int=\count315
\l__siunitx_sexagesimal_tmp_dim=\dimen164
\l__siunitx_sexagesimal_marker_box=\box61
\l__siunitx_sexagesimal_unit_box=\box62
 (C:\Program Files\MiKTeX\tex/latex/tools\array.sty
Package: array 2026/02/24 v2.7b Tabular extension package (FMi)
\col@sep=\dimen165
\ar@mcellbox=\box63
\extrarowheight=\dimen166
\NC@list=\toks22
\extratabsurround=\skip59
\backup@length=\skip60
\ar@cellbox=\box64
)) (C:\Program Files\MiKTeX\tex/latex/graphics\graphicx.sty
Package: graphicx 2026-05-17 v1.2e Enhanced LaTeX Graphics (DPC,SPQR)
 (C:\Program Files\MiKTeX\tex/latex/graphics\keyval.sty
Package: keyval 2026-05-17 v1.15 key=value parser (DPC)
\KV@toks@=\toks23
) (C:\Program Files\MiKTeX\tex/latex/graphics\graphics.sty
Package: graphics 2026-05-17 v1.4h Standard LaTeX Graphics (DPC,SPQR)
 (C:\Program Files\MiKTeX\tex/latex/graphics\trig.sty
Package: trig 2023/12/02 v1.11 sin cos tan (DPC)
) (C:\Program Files\MiKTeX\tex/latex/graphics-cfg\graphics.cfg
File: graphics.cfg 2016/06/04 v1.11 sample graphics configuration
)
Package graphics Info: Driver file: pdftex.def on input line 106.
 (C:\Program Files\MiKTeX\tex/latex/graphics-def\pdftex.def
File: pdftex.def 2025/09/29 v1.2d Graphics/color driver for pdftex
))
\Gin@req@height=\dimen167
\Gin@req@width=\dimen168
) (C:\Program Files\MiKTeX\tex/latex/caption\caption.sty
Package: caption 2023/08/05 v3.6o Customizing captions (AR)
 (C:\Program Files\MiKTeX\tex/latex/caption\caption3.sty
Package: caption3 2023/07/31 v2.4d caption3 kernel (AR)
\caption@tempdima=\dimen169
\captionmargin=\dimen170
\caption@leftmargin=\dimen171
\caption@rightmargin=\dimen172
\caption@width=\dimen173
\caption@indent=\dimen174
\caption@parindent=\dimen175
\caption@hangindent=\dimen176
Package caption Info: thesis document class detected.
 (C:\Program Files\MiKTeX\tex/latex/caption\caption-thesis.sto
File: caption-thesis.sto 2020/08/22 v2.0 Adaption of the caption package to the thesis document class (AR)
))
\c@caption@flags=\count316
\c@continuedfloat=\count317
) (C:\Program Files\MiKTeX\tex/latex/caption\subcaption.sty
Package: subcaption 2023/07/28 v1.6b Sub-captions (AR)
Package caption Info: New subtype `subfigure' on input line 238.
\c@subfigure=\count318
Package caption Info: New subtype `subtable' on input line 238.
\c@subtable=\count319
) (C:\Program Files\MiKTeX\tex/latex/tabu\tabu.sty
Package: tabu 2019/01/11 v2.9 - flexible LaTeX tabulars (FC+tabu-fixed)
 (C:\Program Files\MiKTeX\tex/latex/varwidth\varwidth.sty
Package: varwidth 2009/03/30 ver 0.92;  Variable-width minipages
\@vwid@box=\box65
\sift@deathcycles=\count320
\@vwid@loff=\dimen177
\@vwid@roff=\dimen178
)
==> First Aid for varwidth.sty applied!
\c@taburow=\count321
\tabu@nbcols=\count322
\tabu@cnt=\count323
\tabu@Xcol=\count324
\tabu@alloc=\count325
\tabu@nested=\count326
\tabu@target=\dimen179
\tabu@spreadtarget=\dimen180
\tabu@naturalX=\dimen181
\tabucolX=\dimen182
\tabu@Xsum=\dimen183
\extrarowdepth=\dimen184
\abovetabulinesep=\dimen185
\belowtabulinesep=\dimen186
\tabustrutrule=\dimen187
\tabu@thebody=\toks24
\tabu@footnotes=\toks25
\tabu@box=\box66
\tabu@arstrutbox=\box67
\tabu@hleads=\box68
\tabu@vleads=\box69
\tabu@cellskip=\skip61
) (C:\Program Files\MiKTeX\tex/latex/tools\tabularx.sty
Package: tabularx 2023/12/11 v2.12a `tabularx' package (DPC)
\TX@col@width=\dimen188
\TX@old@table=\dimen189
\TX@old@col=\dimen190
\TX@target=\dimen191
\TX@delta=\dimen192
\TX@cols=\count327
\TX@ftn=\toks26
) (C:\Program Files\MiKTeX\tex/latex/tools\longtable.sty
Package: longtable 2026-01-28 v4.27 Multi-page Table package (DPC)
\LTleft=\skip62
\LTright=\skip63
\LTpre=\skip64
\LTpost=\skip65
\LTchunksize=\count328
\LTcapwidth=\dimen193
\LT@head=\box70
\LT@firsthead=\box71
\LT@foot=\box72
\LT@lastfoot=\box73
\LT@gbox=\box74
\LT@cols=\count329
\LT@rows=\count330
\c@LT@tables=\count331
\c@LT@chunks=\count332
\LT@p@ftn=\toks27
) (C:\Program Files\MiKTeX\tex/latex/booktabs\booktabs.sty
Package: booktabs 2020/01/12 v1.61803398 Publication quality tables
\heavyrulewidth=\dimen194
\lightrulewidth=\dimen195
\cmidrulewidth=\dimen196
\belowrulesep=\dimen197
\belowbottomsep=\dimen198
\aboverulesep=\dimen199
\abovetopsep=\dimen256
\cmidrulesep=\dimen257
\cmidrulekern=\dimen258
\defaultaddspace=\dimen259
\@cmidla=\count333
\@cmidlb=\count334
\@aboverulesep=\dimen260
\@belowrulesep=\dimen261
\@thisruleclass=\count335
\@lastruleclass=\count336
\@thisrulewidth=\dimen262
) (C:\Program Files\MiKTeX\tex/latex/multirow\multirow.sty
Package: multirow 2024/11/12 v2.9 Span multiple rows of a table
\multirow@colwidth=\skip66
\multirow@cntb=\count337
\multirow@dima=\skip67
\bigstrutjot=\dimen263
) (C:\Program Files\MiKTeX\tex/latex/pdflscape\pdflscape.sty
Package: pdflscape 2022-10-27 v0.13 Display of landscape pages in PDF
 (C:\Program Files\MiKTeX\tex/latex/pdflscape\pdflscape-nometadata.sty
Package: pdflscape-nometadata 2022-10-28 v0.13 Display of landscape pages in PDF (HO)
 (C:\Program Files\MiKTeX\tex/latex/graphics\lscape.sty
Package: lscape 2020/05/28 v3.02 Landscape Pages (DPC)
)
Package pdflscape Info: Auto-detected driver: pdftex on input line 81.
)) (C:\Program Files\MiKTeX\tex/latex/pdfpages\pdfpages.sty
Package: pdfpages 2026/03/30 v0.6h Insert pages of external PDF documents (AM)
 (C:\Program Files\MiKTeX\tex/latex/base\ifthen.sty
Package: ifthen 2024/03/16 v1.1e Standard LaTeX ifthen package (DPC)
) (C:\Program Files\MiKTeX\tex/latex/tools\calc.sty
Package: calc 2025/03/01 v4.3b Infix arithmetic (KKT,FJ)
\calc@Acount=\count338
\calc@Bcount=\count339
\calc@Adimen=\dimen264
\calc@Bdimen=\dimen265
\calc@Askip=\skip68
\calc@Bskip=\skip69
LaTeX Info: Redefining \setlength on input line 86.
LaTeX Info: Redefining \addtolength on input line 87.
\calc@Ccount=\count340
\calc@Cskip=\skip70
) (C:\Program Files\MiKTeX\tex/latex/eso-pic\eso-pic.sty
Package: eso-pic 2026/05/31 v3.0e eso-pic (RN)
\ESO@tempdima=\dimen266
\ESO@tempdimb=\dimen267
 (C:\Program Files\MiKTeX\tex/latex/xcolor\xcolor.sty
Package: xcolor 2024/09/29 v3.02 LaTeX color extensions (UK)
 (C:\Program Files\MiKTeX\tex/latex/graphics-cfg\color.cfg
File: color.cfg 2016/01/02 v1.6 sample color configuration
)
Package xcolor Info: Driver file: pdftex.def on input line 274.
 (C:\Program Files\MiKTeX\tex/latex/graphics\mathcolor.ltx)
Package xcolor Info: Model `cmy' substituted by `cmy0' on input line 1349.
Package xcolor Info: Model `hsb' substituted by `rgb' on input line 1353.
Package xcolor Info: Model `RGB' extended on input line 1365.
Package xcolor Info: Model `HTML' substituted by `rgb' on input line 1367.
Package xcolor Info: Model `Hsb' substituted by `hsb' on input line 1368.
Package xcolor Info: Model `tHsb' substituted by `hsb' on input line 1369.
Package xcolor Info: Model `HSB' substituted by `hsb' on input line 1370.
Package xcolor Info: Model `Gray' substituted by `gray' on input line 1371.
Package xcolor Info: Model `wave' substituted by `hsb' on input line 1372.
))
\AM@pagewidth=\dimen268
\AM@pageheight=\dimen269
\AM@fboxrule=\dimen270
 (C:\Program Files\MiKTeX\tex/latex/pdfpages\pppdftex.def
File: pppdftex.def 2026/03/30 v0.6h Pdfpages driver for pdfTeX (AM)
)
\pdfpages@includegraphics@status=\count341
\AM@pagebox=\box75
\AM@global@opts=\toks28
\AM@pagecnt=\count342
\AM@toc@title=\toks29
\AM@lof@heading=\toks30
\c@AM@survey=\count343
\AM@templatesizebox=\box76
) (C:\Program Files\MiKTeX\tex/latex/float\float.sty
Package: float 2001/11/08 v1.3d Float enhancements (AL)
\c@float@type=\count344
\float@exts=\toks31
\float@box=\box77
\@float@everytoks=\toks32
\@floatcapt=\box78
) (C:\Program Files\MiKTeX\tex/latex/tools\hhline.sty
Package: hhline 2026/05/02 v2.05 Table rule package (DPC)
) (C:\Program Files\MiKTeX\tex/latex/graphics\rotating.sty
Package: rotating 2026-05-17 v2.16e rotated objects in LaTeX
\c@r@tfl@t=\count345
\rotFPtop=\skip71
\rotFPbot=\skip72
\rot@float@box=\box79
\rot@mess@toks=\toks33
) (C:\Program Files\MiKTeX\tex/latex/algorithm2e\algorithm2e.sty
Package: algorithm2e 2017/07/18 v5.2 algorithms environments
\c@AlgoLine=\count346
\algocf@hangindent=\skip73
 (C:\Program Files\MiKTeX\tex/latex/ifoddpage\ifoddpage.sty
Package: ifoddpage 2022/10/18 v1.2 Conditionals for odd/even page detection
\c@checkoddpage=\count347
) (C:\Program Files\MiKTeX\tex/latex/tools\xspace.sty
Package: xspace 2014/10/28 v1.13 Space after command names (DPC,MH)
) (C:\Program Files\MiKTeX\tex/latex/relsize\relsize.sty
Package: relsize 2013/03/29 ver 4.1
)
\skiptotal=\skip74
\skiplinenumber=\skip75
\skiprule=\skip76
\skiphlne=\skip77
\skiptext=\skip78
\skiplength=\skip79
\algomargin=\skip80
\skipalgocfslide=\skip81
\algowidth=\dimen271
\inoutsize=\dimen272
\inoutindent=\dimen273
\interspacetitleruled=\dimen274
\interspacealgoruled=\dimen275
\interspacetitleboxruled=\dimen276
\algocf@ruledwidth=\skip82
\algocf@inoutbox=\box80
\algocf@inputbox=\box81
\AlCapSkip=\skip83
\AlCapHSkip=\skip84
\algoskipindent=\skip85
\algocf@nlbox=\box82
\algocf@hangingbox=\box83
\algocf@untilbox=\box84
\algocf@skipuntil=\skip86
\algocf@capbox=\box85
\algocf@lcaptionbox=\skip87
\algoheightruledefault=\skip88
\algoheightrule=\skip89
\algotitleheightruledefault=\skip90
\algotitleheightrule=\skip91
\c@algocfline=\count348
\c@algocfproc=\count349
\c@algocf=\count350
\algocf@algoframe=\box86
\algocf@algobox=\box87
) (C:\Program Files\MiKTeX\tex/latex/psnfss\pifont.sty
Package: pifont 2020/03/25 PSNFSS-v9.3 Pi font support (SPQR) 
LaTeX Font Info:    Trying to load font information for U+pzd on input line 63.
 (C:\Program Files\MiKTeX\tex/latex/psnfss\upzd.fd
File: upzd.fd 2001/06/04 font definitions for U/pzd.
)
LaTeX Font Info:    Trying to load font information for U+psy on input line 64.
 (C:\Program Files\MiKTeX\tex/latex/psnfss\upsy.fd
File: upsy.fd 2001/06/04 font definitions for U/psy.
)) (C:\Program Files\MiKTeX\tex/latex/base\textcomp.sty
Package: textcomp 2024/04/24 v2.1b Standard LaTeX package
) (C:\Program Files\MiKTeX\tex/latex/breqn\breqn.sty (C:\Program Files\MiKTeX\tex/latex/l3kernel\expl3.sty
Package: expl3 2026-05-26 L3 programming layer (loader) 
 (C:\Program Files\MiKTeX\tex/latex/l3backend\l3backend-pdftex.def
File: l3backend-pdftex.def 2026-02-18 L3 backend support: PDF output (pdfTeX)
\l__color_backend_stack_int=\count351
))
Package: breqn 2021/10/28 v0.98l Breaking equations
 (C:\Program Files\MiKTeX\tex/latex/breqn\flexisym.sty
Package: flexisym 2021/10/28 v0.98l Make math characters macros
LaTeX Info: Redefining \textprime on input line 299.
LaTeX Info: Redefining \not on input line 357.
 (C:\Program Files\MiKTeX\tex/latex/breqn\cmbase.sym
File: cmbase.sym 2007/12/19 v0.92
LaTeX Info: Redefining \hbar on input line 324.
LaTeX Info: Redefining \surd on input line 326.
LaTeX Info: Redefining \angle on input line 334.
LaTeX Info: Redefining \neq on input line 335.
LaTeX Info: Redefining \mapsto on input line 336.
LaTeX Info: Redefining \cong on input line 337.
LaTeX Info: Redefining \notin on input line 340.
LaTeX Info: Redefining \rightleftharpoons on input line 341.
LaTeX Info: Redefining \doteq on input line 342.
LaTeX Info: Redefining \hookrightarrow on input line 343.
LaTeX Info: Redefining \hookleftarrow on input line 344.
LaTeX Info: Redefining \bowtie on input line 345.
LaTeX Info: Redefining \models on input line 346.
LaTeX Info: Redefining \Longrightarrow on input line 347.
LaTeX Info: Redefining \longrightarrow on input line 348.
LaTeX Info: Redefining \Longleftarrow on input line 349.
LaTeX Info: Redefining \longleftarrow on input line 350.
LaTeX Info: Redefining \longmapsto on input line 351.
LaTeX Info: Redefining \longleftrightarrow on input line 352.
LaTeX Info: Redefining \Longleftrightarrow on input line 353.
LaTeX Info: Redefining \cdots on input line 357.
LaTeX Info: Redefining \vdots on input line 360.
LaTeX Info: Redefining \ddots on input line 365.
) (C:\Program Files\MiKTeX\tex/latex/breqn\mathstyle.sty
Package: mathstyle 2021/10/28 v0.98l Tracking mathstyle implicitly
LaTeX Info: Redefining \displaystyle on input line 95.
LaTeX Info: Redefining \textstyle on input line 97.
LaTeX Info: Redefining \scriptstyle on input line 99.
LaTeX Info: Redefining \scriptscriptstyle on input line 101.
LaTeX Info: Redefining \genfrac on input line 149.
))
\inf@bad=\count352
\maxint=\count353
\listwidth=\dimen277
\eqnumsep=\dimen278
\eqmargin=\dimen279
\eqlinespacing=\skip92
\eqlineskip=\skip93
\eqlineskiplimit=\dimen280
\eqbinoffset=\muskip18
\eqdelimoffset=\muskip19
\eqindentstep=\dimen281
\eqstyle=\toks34
\eqbreakdepth=\count354
\eqinterlinepenalty=\count355
\intereqpenalty=\count356
\intereqskip=\skip94
\prerelpenalty=\count357
\prebinoppenalty=\count358
\Dmedmuskip=\muskip20
\Dthickmuskip=\muskip21
\eqleftskip=\skip95
\eqrightskip=\skip96
\eq@vspan=\skip97
\eq@binoffset=\muskip22
\EQ@box=\box88
\EQ@copy=\box89
\EQ@numbox=\box90
\eq@wdNum=\dimen282
\GRP@numbox=\box91
\grp@wdNum=\dimen283
\eq@lines=\count359
\eq@curline=\count360
\eq@badness=\count361
\EQ@vims=\count362
\eq@dp=\dimen284
\eq@wdL=\dimen285
\eq@wdT=\dimen286
\eq@wdMin=\dimen287
\grp@wdL=\dimen288
\grp@wdR=\dimen289
\grp@wdT=\dimen290
\eq@wdRmax=\dimen291
\eq@firstht=\dimen292
\eq@wdCond=\dimen293
\eq@indentstep=\dimen294
\eq@linewidth=\dimen295
\grp@linewidth=\dimen296
\eq@hshift=\dimen297
\eq@given@sidespace=\dimen298
\mathindent=\dimen299
\eq@final@linecount=\count363
\eq@wdR=\dimen300
\EQ@continue=\toks35
\lr@level=\count364
\GRP@queue=\toks36
\GRP@box=\box92
\GRP@wholebox=\box93
\darraycolsep=\skip98
\cur@row=\count365
\cur@col=\count366
\conditionsep=\skip99
) (C:\Program Files\MiKTeX\tex/latex/titlesec\titlesec.sty
Package: titlesec 2025/01/04 v2.17 Sectioning titles
\ttl@box=\box94
\beforetitleunit=\skip100
\aftertitleunit=\skip101
\ttl@plus=\dimen301
\ttl@minus=\dimen302
\ttl@toksa=\toks37
\titlewidth=\dimen303
\titlewidthlast=\dimen304
\titlewidthfirst=\dimen305
) (C:\Program Files\MiKTeX\tex/latex/enumitem\enumitem.sty
Package: enumitem 2025/02/06 v3.11 Customized lists
\labelindent=\skip102
\enit@outerparindent=\dimen306
\enit@toks=\toks38
\enit@inbox=\box95
\enit@count@id=\count367
\enitdp@description=\count368
) (C:\Program Files\MiKTeX\tex/latex/notoccite\notoccite.sty
Package: notoccite 2000/07/20
) (C:\Program Files\MiKTeX\tex/latex/base\fontenc.sty
Package: fontenc 2025/07/18 v2.1d Standard LaTeX package
) (C:\Program Files\MiKTeX\tex/latex/base\inputenc.sty
Package: inputenc 2024/02/08 v1.3d Input encoding file
\inpenc@prehook=\toks39
\inpenc@posthook=\toks40
) (C:\Program Files\MiKTeX\tex/latex/lm\lmodern.sty
Package: lmodern 2015/05/01 v1.6.1 Latin Modern Fonts
LaTeX Font Info:    Overwriting symbol font `operators' in version `normal'
(Font)                  OT1/cmr/m/n --> OT1/lmr/m/n on input line 22.
LaTeX Font Info:    Overwriting symbol font `letters' in version `normal'
(Font)                  OML/cmm/m/it --> OML/lmm/m/it on input line 23.
LaTeX Font Info:    Overwriting symbol font `symbols' in version `normal'
(Font)                  OMS/cmsy/m/n --> OMS/lmsy/m/n on input line 24.
LaTeX Font Info:    Overwriting symbol font `largesymbols' in version `normal'
(Font)                  OMX/cmex/m/n --> OMX/lmex/m/n on input line 25.
LaTeX Font Info:    Overwriting symbol font `operators' in version `bold'
(Font)                  OT1/cmr/bx/n --> OT1/lmr/bx/n on input line 26.
LaTeX Font Info:    Overwriting symbol font `letters' in version `bold'
(Font)                  OML/cmm/b/it --> OML/lmm/b/it on input line 27.
LaTeX Font Info:    Overwriting symbol font `symbols' in version `bold'
(Font)                  OMS/cmsy/b/n --> OMS/lmsy/b/n on input line 28.
LaTeX Font Info:    Overwriting symbol font `largesymbols' in version `bold'
(Font)                  OMX/cmex/m/n --> OMX/lmex/m/n on input line 29.
LaTeX Font Info:    Overwriting math alphabet `\mathbf' in version `normal'
(Font)                  OT1/cmr/bx/n --> OT1/lmr/bx/n on input line 31.
LaTeX Font Info:    Overwriting math alphabet `\mathsf' in version `normal'
(Font)                  OT1/cmss/m/n --> OT1/lmss/m/n on input line 32.
LaTeX Font Info:    Overwriting math alphabet `\mathit' in version `normal'
(Font)                  OT1/cmr/m/it --> OT1/lmr/m/it on input line 33.
LaTeX Font Info:    Overwriting math alphabet `\mathtt' in version `normal'
(Font)                  OT1/cmtt/m/n --> OT1/lmtt/m/n on input line 34.
LaTeX Font Info:    Overwriting math alphabet `\mathbf' in version `bold'
(Font)                  OT1/cmr/bx/n --> OT1/lmr/bx/n on input line 35.
LaTeX Font Info:    Overwriting math alphabet `\mathsf' in version `bold'
(Font)                  OT1/cmss/bx/n --> OT1/lmss/bx/n on input line 36.
LaTeX Font Info:    Overwriting math alphabet `\mathit' in version `bold'
(Font)                  OT1/cmr/bx/it --> OT1/lmr/bx/it on input line 37.
LaTeX Font Info:    Overwriting math alphabet `\mathtt' in version `bold'
(Font)                  OT1/cmtt/m/n --> OT1/lmtt/m/n on input line 38.
) (C:\Program Files\MiKTeX\tex/latex/fancyhdr\fancyhdr.sty
Package: fancyhdr 2025/02/07 v5.2 Extensive control of page headers and footers
\f@nch@headwidth=\skip103
\f@nch@offset@elh=\skip104
\f@nch@offset@erh=\skip105
\f@nch@offset@olh=\skip106
\f@nch@offset@orh=\skip107
\f@nch@offset@elf=\skip108
\f@nch@offset@erf=\skip109
\f@nch@offset@olf=\skip110
\f@nch@offset@orf=\skip111
\f@nch@height=\skip112
\f@nch@footalignment=\skip113
\f@nch@widthL=\skip114
\f@nch@widthC=\skip115
\f@nch@widthR=\skip116
\@temptokenb=\toks41
) (C:\Program Files\MiKTeX\tex/latex/setspace\setspace.sty
Package: setspace 2022/12/04 v6.7b set line spacing
) (C:\Program Files\MiKTeX\tex/latex/microtype\microtype.sty
Package: microtype 2026/03/01 v3.2d Micro-typographical refinements (RS)
\MT@toks=\toks42
\MT@tempbox=\box96
\MT@count=\count369
LaTeX Info: Redefining \noprotrusionifhmode on input line 1084.
LaTeX Info: Redefining \leftprotrusion on input line 1085.
\MT@prot@toks=\toks43
LaTeX Info: Redefining \rightprotrusion on input line 1104.
LaTeX Info: Redefining \textls on input line 1449.
\MT@outer@kern=\dimen307
LaTeX Info: Redefining \microtypecontext on input line 2053.
LaTeX Info: Redefining \textmicrotypecontext on input line 2070.
\MT@listname@count=\count370
 (C:\Program Files\MiKTeX\tex/latex/microtype\microtype-pdftex.def
File: microtype-pdftex.def 2026/03/01 v3.2d Definitions specific to pdftex (RS)
LaTeX Info: Redefining \lsstyle on input line 944.
LaTeX Info: Redefining \lslig on input line 944.
\MT@outer@space=\skip117
)
Package microtype Info: Loading configuration file microtype.cfg.
 (C:\Program Files\MiKTeX\tex/latex/microtype\microtype.cfg
File: microtype.cfg 2026/03/01 v3.2d microtype main configuration file (RS)
)
LaTeX Info: Redefining \microtypesetup on input line 3065.
) (C:\Program Files\MiKTeX\tex/latex/hyperref\hyperref.sty
Package: hyperref 2026-04-24 v7.01q Hypertext links for LaTeX
 (C:\Program Files\MiKTeX\tex/latex/kvsetkeys\kvsetkeys.sty
Package: kvsetkeys 2022-10-05 v1.19 Key value parser (HO)
) (C:\Program Files\MiKTeX\tex/generic/kvdefinekeys\kvdefinekeys.sty
Package: kvdefinekeys 2019-12-19 v1.6 Define keys (HO)
) (C:\Program Files\MiKTeX\tex/generic/pdfescape\pdfescape.sty
Package: pdfescape 2019/12/09 v1.15 Implements pdfTeX's escape features (HO)
) (C:\Program Files\MiKTeX\tex/latex/hycolor\hycolor.sty
Package: hycolor 2020-01-27 v1.10 Color options for hyperref/bookmark (HO)
) (C:\Program Files\MiKTeX\tex/latex/hyperref\nameref.sty
Package: nameref 2026-01-29 v2.58 Cross-referencing by name of section
 (C:\Program Files\MiKTeX\tex/latex/refcount\refcount.sty
Package: refcount 2019/12/15 v3.6 Data extraction from label references (HO)
) (C:\Program Files\MiKTeX\tex/generic/gettitlestring\gettitlestring.sty
Package: gettitlestring 2019/12/15 v1.6 Cleanup title references (HO)
 (C:\Program Files\MiKTeX\tex/latex/kvoptions\kvoptions.sty
Package: kvoptions 2022-06-15 v3.15 Key value format for package options (HO)
))
\c@section@level=\count371
) (C:\Program Files\MiKTeX\tex/generic/stringenc\stringenc.sty
Package: stringenc 2019/11/29 v1.12 Convert strings between diff. encodings (HO)
)
\@linkdim=\dimen308
\Hy@linkcounter=\count372
\Hy@pagecounter=\count373
 (C:\Program Files\MiKTeX\tex/latex/hyperref\pd1enc.def
File: pd1enc.def 2026-04-24 v7.01q Hyperref: PDFDocEncoding definition (HO)
Now handling font encoding PD1 ...
... no UTF-8 mapping file for font encoding PD1
) (C:\Program Files\MiKTeX\tex/generic/intcalc\intcalc.sty
Package: intcalc 2019/12/15 v1.3 Expandable calculations with integers (HO)
)
\Hy@SavedSpaceFactor=\count374
 (C:\Program Files\MiKTeX\tex/latex/hyperref\puenc.def
File: puenc.def 2026-04-24 v7.01q Hyperref: PDF Unicode definition (HO)
Now handling font encoding PU ...
... no UTF-8 mapping file for font encoding PU
)
Package hyperref Info: Hyper figures OFF on input line 4199.
Package hyperref Info: Link nesting OFF on input line 4204.
Package hyperref Info: Hyper index ON on input line 4207.
Package hyperref Info: Plain pages OFF on input line 4214.
Package hyperref Info: Backreferencing OFF on input line 4219.
Package hyperref Info: Implicit mode ON; LaTeX internals redefined.
Package hyperref Info: Bookmarks ON on input line 4466.
\c@Hy@tempcnt=\count375
 (C:\Program Files\MiKTeX\tex/latex/url\url.sty
\Urlmuskip=\muskip23
Package: url 2013/09/16  ver 3.4  Verb mode for urls, etc.
)
LaTeX Info: Redefining \url on input line 4805.
\XeTeXLinkMargin=\dimen309
 (C:\Program Files\MiKTeX\tex/generic/bitset\bitset.sty
Package: bitset 2019/12/09 v1.3 Handle bit-vector datatype (HO)
 (C:\Program Files\MiKTeX\tex/generic/bigintcalc\bigintcalc.sty
Package: bigintcalc 2019/12/15 v1.5 Expandable calculations on big integers (HO)
))
\Fld@menulength=\count376
\Field@Width=\dimen310
\Fld@charsize=\dimen311
Package hyperref Info: Hyper figures OFF on input line 6091.
Package hyperref Info: Link nesting OFF on input line 6096.
Package hyperref Info: Hyper index ON on input line 6099.
Package hyperref Info: backreferencing OFF on input line 6106.
Package hyperref Info: Link coloring OFF on input line 6111.
Package hyperref Info: Link coloring with OCG OFF on input line 6116.
Package hyperref Info: PDF/A mode OFF on input line 6121.
\Hy@abspage=\count377
\c@Item=\count378
\c@Hfootnote=\count379
)
Package hyperref Info: Driver (autodetected): hpdftex.
 (C:\Program Files\MiKTeX\tex/latex/hyperref\hpdftex.def
File: hpdftex.def 2026-04-24 v7.01q Hyperref driver for pdfTeX
\Fld@listcount=\count380
\c@bookmark@seq@number=\count381
 (C:\Program Files\MiKTeX\tex/latex/rerunfilecheck\rerunfilecheck.sty
Package: rerunfilecheck 2025-06-21 v1.11 Rerun checks for auxiliary files (HO)
 (C:\Program Files\MiKTeX\tex/generic/uniquecounter\uniquecounter.sty
Package: uniquecounter 2019/12/15 v1.4 Provide unlimited unique counter (HO)
)
Package uniquecounter Info: New unique counter `rerunfilecheck' on input line 284.
)
\Hy@SectionHShift=\skip118
) (C:\Program Files\MiKTeX\tex/latex/geometry\geometry.sty
Package: geometry 2026/03/07 v6.0 Page Geometry
 (C:\Program Files\MiKTeX\tex/generic/iftex\ifvtex.sty
Package: ifvtex 2019/10/25 v1.7 ifvtex legacy package. Use iftex instead.
)
\Gm@cnth=\count382
\Gm@cntv=\count383
\c@Gm@tempcnt=\count384
\Gm@bindingoffset=\dimen312
\Gm@wd@mp=\dimen313
\Gm@odd@mp=\dimen314
\Gm@even@mp=\dimen315
\Gm@layoutwidth=\dimen316
\Gm@layoutheight=\dimen317
\Gm@layouthoffset=\dimen318
\Gm@layoutvoffset=\dimen319
\Gm@dimlist=\toks44
 (C:\Program Files\MiKTeX\tex/latex/geometry\geometry.cfg))
Package hyperref Info: Option `colorlinks' set `true' on input line 94.
Package translations Info: No language package found. I am going to use `english' as default language. on input line 118.
LaTeX Font Info:    Trying to load font information for T1+lmr on input line 118.
 (C:\Program Files\MiKTeX\tex/latex/lm\t1lmr.fd
File: t1lmr.fd 2015/05/01 v1.6.1 Font defs for Latin Modern
) (main.aux (Chapters/Chapter1.aux) (Chapters/Chapter2.aux) (Chapters/Chapter3.aux))
\openout1 = `main.aux'.

LaTeX Font Info:    Checking defaults for OML/cmm/m/it on input line 118.
LaTeX Font Info:    ... okay on input line 118.
LaTeX Font Info:    Checking defaults for OMS/cmsy/m/n on input line 118.
LaTeX Font Info:    ... okay on input line 118.
LaTeX Font Info:    Checking defaults for OT1/cmr/m/n on input line 118.
LaTeX Font Info:    ... okay on input line 118.
LaTeX Font Info:    Checking defaults for T1/cmr/m/n on input line 118.
LaTeX Font Info:    ... okay on input line 118.
LaTeX Font Info:    Checking defaults for TS1/cmr/m/n on input line 118.
LaTeX Font Info:    ... okay on input line 118.
LaTeX Font Info:    Checking defaults for OMX/cmex/m/n on input line 118.
LaTeX Font Info:    ... okay on input line 118.
LaTeX Font Info:    Checking defaults for U/cmr/m/n on input line 118.
LaTeX Font Info:    ... okay on input line 118.
LaTeX Font Info:    Checking defaults for PD1/pdf/m/n on input line 118.
LaTeX Font Info:    ... okay on input line 118.
LaTeX Font Info:    Checking defaults for PU/pdf/m/n on input line 118.
LaTeX Font Info:    ... okay on input line 118.
 (C:\Program Files\MiKTeX\tex/latex/translations/dicts\translations-basic-dictionary-english.trsl
File: translations-basic-dictionary-english.trsl (english translation file `translations-basic-dictionary')
)
Package translations Info: loading dictionary `translations-basic-dictionary' for `english'. on input line 118.
 (C:\Program Files\MiKTeX\tex/context/base/mkii\supp-pdf.mkii
[Loading MPS to PDF converter (version 2006.09.02).]
\scratchcounter=\count385
\scratchdimen=\dimen320
\scratchbox=\box97
\nofMPsegments=\count386
\nofMParguments=\count387
\everyMPshowfont=\toks45
\MPscratchCnt=\count388
\MPscratchDim=\dimen321
\MPnumerator=\count389
\makeMPintoPDFobject=\count390
\everyMPtoPDFconversion=\toks46
) (C:\Program Files\MiKTeX\tex/latex/epstopdf-pkg\epstopdf-base.sty
Package: epstopdf-base 2020-01-24 v2.11 Base part for package epstopdf
Package epstopdf-base Info: Redefining graphics rule for `.eps' on input line 485.
 (C:\Program Files\MiKTeX\tex/latex/00miktex\epstopdf-sys.cfg
File: epstopdf-sys.cfg 2021/03/18 v2.0 Configuration of epstopdf for MiKTeX
))
Package caption Info: Begin \AtBeginDocument code.
Package caption Info: float package is loaded.
Package caption Info: hyperref package is loaded.
Package caption Info: longtable package is loaded.
 (C:\Program Files\MiKTeX\tex/latex/caption\ltcaption.sty
Package: ltcaption 2021/01/08 v1.4c longtable captions (AR)
)
Package caption Info: rotating package is loaded.
Package caption Info: End \AtBeginDocument code.
Package microtype Info: Patching varwidth to enable character protrusion.
\MT@vwid@leftmargin=\dimen322
\MT@vwid@rightmargin=\dimen323
LaTeX Info: Redefining \microtypecontext on input line 118.
Package microtype Info: Applying patch `item' on input line 118.
Package microtype Info: Applying patch `toc' on input line 118.
Package microtype Info: Applying patch `eqnum' on input line 118.
Package microtype Info: Applying patch `footnote' on input line 118.
Package microtype Info: Applying patch `verbatim' on input line 118.
LaTeX Info: Redefining \microtypesetup on input line 118.
Package microtype Info: Generating PDF output.
Package microtype Info: Character protrusion enabled (level 2).
Package microtype Info: Using default protrusion set `alltext'.
Package microtype Info: Automatic font expansion enabled (level 2),
(microtype)             stretch: 20, shrink: 20, step: 1, non-selected.
Package microtype Info: Using default expansion set `alltext-nott'.
Package microtype Info: Patching command `\showhyphens'.
Package microtype Info: No adjustment of tracking.
Package microtype Info: No adjustment of interword spacing.
Package microtype Info: No adjustment of character kerning.
 (C:\Program Files\MiKTeX\tex/latex/microtype\mt-cmr.cfg
File: mt-cmr.cfg 2013/05/19 v2.2 microtype config. file: Computer Modern Roman (RS)
)
Package hyperref Info: Link coloring ON on input line 118.
 (main.out) (main.out)
\@outlinefile=\write3
\openout3 = `main.out'.


*geometry* driver: auto-detecting
*geometry* detected driver: pdftex
*geometry* verbose mode - [ preamble ] result:
* driver: pdftex
* paper: <default>
* layout: <same size as paper>
* layoutoffset:(h,v)=(0.0pt,0.0pt)
* modes: twoside 
* h-part:(L,W,R)=(90.3375pt, 433.62001pt, 90.3375pt)
* v-part:(T,H,B)=(90.3375pt, 614.295pt, 90.3375pt)
* \paperwidth=614.295pt
* \paperheight=794.96999pt
* \textwidth=433.62001pt
* \textheight=614.295pt
* \oddsidemargin=18.0675pt
* \evensidemargin=18.0675pt
* \topmargin=-15.80629pt
* \headheight=14.0pt
* \headsep=19.8738pt
* \topskip=11.0pt
* \footskip=27.46295pt
* \marginparwidth=116.0pt
* \marginparsep=7.0pt
* \columnsep=10.0pt
* \skip\footins=10.0pt plus 4.0pt minus 2.0pt
* \hoffset=0.0pt
* \voffset=0.0pt
* \mag=1000
* \@twocolumnfalse
* \@twosidetrue
* \@mparswitchtrue
* \@reversemarginfalse
* (1in=72.27pt=25.4mm, 1cm=28.453pt)

(cover_asu.tex
<Pictures/asu_logo.jpg, id=355, 770.88pt x 770.88pt>
File: Pictures/asu_logo.jpg Graphic file (type jpg)
<use Pictures/asu_logo.jpg>
Package pdftex.def Info: Pictures/asu_logo.jpg  used on input line 8.
(pdftex.def)             Requested size: 113.80379pt x 113.80379pt.
) (abstract.tex [1


{C:/Users/hesha/AppData/Local/MiKTeX/fonts/map/pdftex/pdftex.map}{C:/Program Files/MiKTeX/fonts/enc/dvips/lm/lm-ec.enc} <./Pictures/asu_logo.jpg>] [2

]) [3] [4

] (main.toc
LaTeX Font Info:    Trying to load font information for OT1+lmr on input line 1.
 (C:\Program Files\MiKTeX\tex/latex/lm\ot1lmr.fd
File: ot1lmr.fd 2015/05/01 v1.6.1 Font defs for Latin Modern
)
LaTeX Font Info:    Trying to load font information for OML+lmm on input line 1.
 (C:\Program Files\MiKTeX\tex/latex/lm\omllmm.fd
File: omllmm.fd 2015/05/01 v1.6.1 Font defs for Latin Modern
)
LaTeX Font Info:    Trying to load font information for OMS+lmsy on input line 1.
 (C:\Program Files\MiKTeX\tex/latex/lm\omslmsy.fd
File: omslmsy.fd 2015/05/01 v1.6.1 Font defs for Latin Modern
)
LaTeX Font Info:    Trying to load font information for OMX+lmex on input line 1.
 (C:\Program Files\MiKTeX\tex/latex/lm\omxlmex.fd
File: omxlmex.fd 2015/05/01 v1.6.1 Font defs for Latin Modern
)
LaTeX Font Info:    External font `lmex10' loaded for size
(Font)              <10.95> on input line 1.
LaTeX Font Info:    External font `lmex10' loaded for size
(Font)              <8> on input line 1.
LaTeX Font Info:    External font `lmex10' loaded for size
(Font)              <6> on input line 1.
LaTeX Font Info:    Trying to load font information for U+msa on input line 1.
 (C:\Program Files\MiKTeX\tex/latex/amsfonts\umsa.fd
File: umsa.fd 2013/01/14 v3.01 AMS symbols A
) (C:\Program Files\MiKTeX\tex/latex/microtype\mt-msa.cfg
File: mt-msa.cfg 2006/02/04 v1.1 microtype config. file: AMS symbols (a) (RS)
)
LaTeX Font Info:    Trying to load font information for U+msb on input line 1.
 (C:\Program Files\MiKTeX\tex/latex/amsfonts\umsb.fd
File: umsb.fd 2013/01/14 v3.01 AMS symbols B
) (C:\Program Files\MiKTeX\tex/latex/microtype\mt-msb.cfg
File: mt-msb.cfg 2005/06/01 v1.0 microtype config. file: AMS symbols (b) (RS)
) [5{C:/Program Files/MiKTeX/fonts/enc/dvips/lm/lm-mathit.enc}] [6])
\tf@toc=\write4
\openout4 = `main.toc'.

 [7] [8

]
\openout2 = `Chapters/Chapter1.aux'.

 (Chapters/Chapter1.tex
Chapter 1.
[1


]
<amr assets/pcivpcie.png, id=495, 803.0pt x 433.62pt>
File: amr assets/pcivpcie.png Graphic file (type png)
<use amr assets/pcivpcie.png>
Package pdftex.def Info: amr assets/pcivpcie.png  used on input line 30.
(pdftex.def)             Requested size: 216.81pt x 117.07896pt.
LaTeX Font Info:    External font `lmex10' loaded for size
(Font)              <10> on input line 42.
LaTeX Font Info:    External font `lmex10' loaded for size
(Font)              <7> on input line 42.
LaTeX Font Info:    External font `lmex10' loaded for size
(Font)              <5> on input line 42.
 [2 <./amr assets/pcivpcie.png (PNG copy)>]
<amr assets/pciearc.png, id=504, 1915.155pt x 1350.04375pt>
File: amr assets/pciearc.png Graphic file (type png)
<use amr assets/pciearc.png>
Package pdftex.def Info: amr assets/pciearc.png  used on input line 66.
(pdftex.def)             Requested size: 216.81pt x 152.83127pt.
<amr assets/pam4vnrz.png, id=509, 724.7075pt x 361.35pt>
File: amr assets/pam4vnrz.png Graphic file (type png)
<use amr assets/pam4vnrz.png>
Package pdftex.def Info: amr assets/pam4vnrz.png  used on input line 78.
(pdftex.def)             Requested size: 303.53267pt x 151.34692pt.
 [3 <./amr assets/pciearc.png> <./amr assets/pam4vnrz.png>]
<amr assets/flit.png, id=520, 274.2975pt x 135.342pt>
File: amr assets/flit.png Graphic file (type png)
<use amr assets/flit.png>
Package pdftex.def Info: amr assets/flit.png  used on input line 101.
(pdftex.def)             Requested size: 346.89732pt x 171.172pt.
 [4{C:/Program Files/MiKTeX/fonts/enc/dvips/lm/lm-mathsy.enc}{C:/Program Files/MiKTeX/fonts/enc/dvips/lm/lm-rm.enc} <./amr assets/flit.png>]) [5]
\openout2 = `Chapters/Chapter2.aux'.

 (Chapters/Chapter2.tex [6




]
Chapter 2.
<DFE img/nrz.png, id=547, 280.04625pt x 87.32625pt>
File: DFE img/nrz.png Graphic file (type png)
<use DFE img/nrz.png>
Package pdftex.def Info: DFE img/nrz.png  used on input line 17.
(pdftex.def)             Requested size: 216.81pt x 67.6105pt.
<DFE img/DFE_img_02.png, id=548, 803.0pt x 361.35pt>
File: DFE img/DFE_img_02.png Graphic file (type png)
<use DFE img/DFE_img_02.png>
Package pdftex.def Info: DFE img/DFE_img_02.png  used on input line 26.
(pdftex.def)             Requested size: 433.62001pt x 195.1316pt.
<DFE img/DFE_img_03.png, id=549, 417.05812pt x 203.25937pt>
File: DFE img/DFE_img_03.png Graphic file (type png)
<use DFE img/DFE_img_03.png>
Package pdftex.def Info: DFE img/DFE_img_03.png  used on input line 35.
(pdftex.def)             Requested size: 173.44534pt x 84.53094pt.
[7 <./DFE img/nrz.png>] [8 <./DFE img/DFE_img_02.png> <./DFE img/DFE_img_03.png>]
<DFE img/DFE_img_04.png, id=563, 1418.29875pt x 924.45375pt>
File: DFE img/DFE_img_04.png Graphic file (type png)
<use DFE img/DFE_img_04.png>
Package pdftex.def Info: DFE img/DFE_img_04.png  used on input line 49.
(pdftex.def)             Requested size: 346.89732pt x 226.10522pt.
<DFE img/DFE_img_05.png, id=564, 368.87813pt x 275.52937pt>
File: DFE img/DFE_img_05.png Graphic file (type png)
<use DFE img/DFE_img_05.png>
Package pdftex.def Info: DFE img/DFE_img_05.png  used on input line 68.
(pdftex.def)             Requested size: 195.12767pt x 145.74817pt.
<DFE img/DFE_img_06.png, id=565, 436.63126pt x 277.035pt>
File: DFE img/DFE_img_06.png Graphic file (type png)
<use DFE img/DFE_img_06.png>
Package pdftex.def Info: DFE img/DFE_img_06.png  used on input line 69.
(pdftex.def)             Requested size: 195.12767pt x 123.80647pt.
 [9 <./DFE img/DFE_img_04.png>] [10{C:/Program Files/MiKTeX/fonts/enc/dvips/lm/lm-mathex.enc} <./DFE img/DFE_img_05.png> <./DFE img/DFE_img_06.png>]
LaTeX Font Info:    Trying to load font information for TS1+lmr on input line 108.
 (C:\Program Files\MiKTeX\tex/latex/lm\ts1lmr.fd
File: ts1lmr.fd 2015/05/01 v1.6.1 Font defs for Latin Modern
)
<DFE img/DFE_img_07.png, id=590, 386.19281pt x 241.65282pt>
File: DFE img/DFE_img_07.png Graphic file (type png)
<use DFE img/DFE_img_07.png>
Package pdftex.def Info: DFE img/DFE_img_07.png  used on input line 121.
(pdftex.def)             Requested size: 260.17465pt x 162.79887pt.
 [11{C:/Program Files/MiKTeX/fonts/enc/dvips/lm/lm-ts1.enc} <./DFE img/DFE_img_07.png>] [12]
<amr assets/staircase.png, id=613, 1841.88126pt x 1035.87pt>
File: amr assets/staircase.png Graphic file (type png)
<use amr assets/staircase.png>
Package pdftex.def Info: amr assets/staircase.png  used on input line 175.
(pdftex.def)             Requested size: 346.89732pt x 195.07867pt.
 [13 <./amr assets/staircase.png>]
<amr assets/overshoot.png, id=624, 1840.8775pt x 1034.86626pt>
File: amr assets/overshoot.png Graphic file (type png)
<use amr assets/overshoot.png>
Package pdftex.def Info: amr assets/overshoot.png  used on input line 190.
(pdftex.def)             Requested size: 346.89732pt x 195.00018pt.
 [14 <./amr assets/overshoot.png>]
<amr assets/vgaideal.png, id=631, 536.0025pt x 216.81pt>
File: amr assets/vgaideal.png Graphic file (type png)
<use amr assets/vgaideal.png>
Package pdftex.def Info: amr assets/vgaideal.png  used on input line 213.
(pdftex.def)             Requested size: 346.89732pt x 140.3161pt.
 [15 <./amr assets/vgaideal.png>]
<CTLE Chapter img/channel_with_ctle.png, id=641, 432.11438pt x 358.33875pt>
File: CTLE Chapter img/channel_with_ctle.png Graphic file (type png)
<use CTLE Chapter img/channel_with_ctle.png>
Package pdftex.def Info: CTLE Chapter img/channel_with_ctle.png  used on input line 241.
(pdftex.def)             Requested size: 126.83179pt x 105.17317pt.
<CTLE Chapter img/CTLE_drawback.png, id=642, 472.76625pt x 241.65282pt>
File: CTLE Chapter img/CTLE_drawback.png Graphic file (type png)
<use CTLE Chapter img/CTLE_drawback.png>
Package pdftex.def Info: CTLE Chapter img/CTLE_drawback.png  used on input line 248.
(pdftex.def)             Requested size: 195.12767pt x 99.73831pt.

Underfull \hbox (badness 5741) in paragraph at lines 249--249
[][]|\T1/lmr/m/n/10 (+20) CTLE Be-hav-ioral model (Mo-hamed
 []

[16 <./CTLE Chapter img/channel_with_ctle.png> <./CTLE Chapter img/CTLE_drawback.png>]
<CTLE Chapter img/Eye_ctle.png, id=651, 807.7678pt x 301.8778pt>
File: CTLE Chapter img/Eye_ctle.png Graphic file (type png)
<use CTLE Chapter img/Eye_ctle.png>
Package pdftex.def Info: CTLE Chapter img/Eye_ctle.png  used on input line 286.
(pdftex.def)             Requested size: 303.53267pt x 113.4342pt.
<CTLE Chapter img/CTLE effect.png, id=652, 328.97906pt x 245.41687pt>
File: CTLE Chapter img/CTLE effect.png Graphic file (type png)
<use CTLE Chapter img/CTLE effect.png>
Package pdftex.def Info: CTLE Chapter img/CTLE effect.png  used on input line 296.
(pdftex.def)             Requested size: 149.1633pt x 111.27539pt.

Underfull \hbox (badness 1092) in paragraph at lines 297--297
[][]|\T1/lmr/m/n/10 (+20) Im-pulse re-sponse im-prove-ment with
 []

<CTLE Chapter img/cursors.png, id=653, 307.90031pt x 191.9672pt>
File: CTLE Chapter img/cursors.png Graphic file (type png)
<use CTLE Chapter img/cursors.png>
Package pdftex.def Info: CTLE Chapter img/cursors.png  used on input line 303.
(pdftex.def)             Requested size: 173.44865pt x 108.14238pt.
[17 <./CTLE Chapter img/Eye_ctle.png> <./CTLE Chapter img/CTLE effect.png> <./CTLE Chapter img/cursors.png>]
<CTLE Chapter img/CTLE_drawback2.png, id=664, 372.64218pt x 257.46187pt>
File: CTLE Chapter img/CTLE_drawback2.png Graphic file (type png)
<use CTLE Chapter img/CTLE_drawback2.png>
Package pdftex.def Info: CTLE Chapter img/CTLE_drawback2.png  used on input line 326.
(pdftex.def)             Requested size: 238.49232pt x 164.77502pt.
 [18 <./CTLE Chapter img/CTLE_drawback2.png>]
<DFE img/DFE_img_08.png, id=671, 240.14719pt x 134.00063pt>
File: DFE img/DFE_img_08.png Graphic file (type png)
<use DFE img/DFE_img_08.png>
Package pdftex.def Info: DFE img/DFE_img_08.png  used on input line 351.
(pdftex.def)             Requested size: 130.08733pt x 72.58824pt.
<DFE img/DFE_img_09.png, id=672, 219.82124pt x 125.71968pt>
File: DFE img/DFE_img_09.png Graphic file (type png)
<use DFE img/DFE_img_09.png>
Package pdftex.def Info: DFE img/DFE_img_09.png  used on input line 352.
(pdftex.def)             Requested size: 130.08733pt x 74.40031pt.
<DFE img/DFE_img_10.png, id=673, 463.7325pt x 309.40594pt>
File: DFE img/DFE_img_10.png Graphic file (type png)
<use DFE img/DFE_img_10.png>
Package pdftex.def Info: DFE img/DFE_img_10.png  used on input line 358.
(pdftex.def)             Requested size: 238.49232pt x 159.1263pt.
 [19 <./DFE img/DFE_img_08.png> <./DFE img/DFE_img_09.png> <./DFE img/DFE_img_10.png>] (Chapters/DFE_parts/theory algo.tex [20]) (Chapters/DFE_parts/theory anaysis.tex
<DFE img/DFE_img_37.png, id=689, 709.14937pt x 405.01312pt>
File: DFE img/DFE_img_37.png Graphic file (type png)
<use DFE img/DFE_img_37.png>
Package pdftex.def Info: DFE img/DFE_img_37.png  used on input line 14.
(pdftex.def)             Requested size: 260.17465pt x 148.59178pt.
 [21 <./DFE img/DFE_img_37.png>]
<DFE img/DFE_img_38.png, id=697, 493.0922pt x 283.0575pt>
File: DFE img/DFE_img_38.png Graphic file (type png)
<use DFE img/DFE_img_38.png>
Package pdftex.def Info: DFE img/DFE_img_38.png  used on input line 44.
(pdftex.def)             Requested size: 145.69438pt x 83.63512pt.
<DFE img/DFE_img_39.png, id=700, 397.485pt x 319.94531pt>
File: DFE img/DFE_img_39.png Graphic file (type png)
<use DFE img/DFE_img_39.png>
Package pdftex.def Info: DFE img/DFE_img_39.png  used on input line 50.
(pdftex.def)             Requested size: 145.69438pt x 117.27458pt.
 [22 <./DFE img/DFE_img_38.png> <./DFE img/DFE_img_39.png>]
<DFE img/DFE_img_40.png, id=716, 998.73125pt x 425.59pt>
File: DFE img/DFE_img_40.png Graphic file (type png)
<use DFE img/DFE_img_40.png>
Package pdftex.def Info: DFE img/DFE_img_40.png  used on input line 80.
(pdftex.def)             Requested size: 303.53267pt x 129.34042pt.
<DFE img/DFE_img_41.png, id=719, 663.22781pt x 390.70969pt>
File: DFE img/DFE_img_41.png Graphic file (type png)
<use DFE img/DFE_img_41.png>
Package pdftex.def Info: DFE img/DFE_img_41.png  used on input line 92.
(pdftex.def)             Requested size: 260.17465pt x 153.27042pt.
<DFE img/DFE_img_42.png, id=722, 566.115pt x 365.86688pt>
File: DFE img/DFE_img_42.png Graphic file (type png)
<use DFE img/DFE_img_42.png>
Package pdftex.def Info: DFE img/DFE_img_42.png  used on input line 107.
(pdftex.def)             Requested size: 216.81pt x 140.11948pt.
)) [23 <./DFE img/DFE_img_40.png>] [24 <./DFE img/DFE_img_41.png> <./DFE img/DFE_img_42.png>]
\openout2 = `Chapters/Chapter3.aux'.

 (Chapters/Chapter3.tex
Chapter 3.
[25




]
<amr assets/shunt.png, id=754, 773.89125pt x 871.255pt>
File: amr assets/shunt.png Graphic file (type png)
<use amr assets/shunt.png>
Package pdftex.def Info: amr assets/shunt.png  used on input line 52.
(pdftex.def)             Requested size: 104.06787pt x 117.14905pt.
<amr assets/bshunt.png, id=755, 549.05125pt x 624.3325pt>
File: amr assets/bshunt.png Graphic file (type png)
<use amr assets/bshunt.png>
Package pdftex.def Info: amr assets/bshunt.png  used on input line 58.
(pdftex.def)             Requested size: 104.06787pt x 118.32909pt.
<amr assets/series.png, id=756, 309.155pt x 220.825pt>
File: amr assets/series.png Graphic file (type png)
<use amr assets/series.png>
Package pdftex.def Info: amr assets/series.png  used on input line 67.
(pdftex.def)             Requested size: 124.8827pt x 89.20113pt.
<amr assets/bss.png, id=757, 356.33125pt x 323.2075pt>
File: amr assets/bss.png Graphic file (type png)
<use amr assets/bss.png>
Package pdftex.def Info: amr assets/bss.png  used on input line 73.
(pdftex.def)             Requested size: 104.06787pt x 94.39355pt.
 [26]
<amr assets/tcoil.png, id=762, 1074.0125pt x 633.36626pt>
File: amr assets/tcoil.png Graphic file (type png)
<use amr assets/tcoil.png>
Package pdftex.def Info: amr assets/tcoil.png  used on input line 92.
(pdftex.def)             Requested size: 173.44534pt x 102.2781pt.
 [27 <./amr assets/shunt.png> <./amr assets/bshunt.png> <./amr assets/series.png> <./amr assets/bss.png> <./amr assets/tcoil.png>]
<amr assets/bwcomp.png, id=777, 783.92876pt x 669.50125pt>
File: amr assets/bwcomp.png Graphic file (type png)
<use amr assets/bwcomp.png>
Package pdftex.def Info: amr assets/bwcomp.png  used on input line 119.
(pdftex.def)             Requested size: 303.53267pt x 259.22473pt.
<amr assets/vgatunemethod.png, id=782, 212.795pt x 119.44624pt>
File: amr assets/vgatunemethod.png Graphic file (type png)
<use amr assets/vgatunemethod.png>
Package pdftex.def Info: amr assets/vgatunemethod.png  used on input line 133.
(pdftex.def)             Requested size: 130.08733pt x 73.02429pt.
 [28 <./amr assets/bwcomp.png>]
<amr assets/passivevga.png, id=790, 227.85126pt x 120.45pt>
File: amr assets/passivevga.png Graphic file (type png)
<use amr assets/passivevga.png>
Package pdftex.def Info: amr assets/passivevga.png  used on input line 143.
(pdftex.def)             Requested size: 130.08733pt x 68.76932pt.
 [29 <./amr assets/vgatunemethod.png> <./amr assets/passivevga.png>]
<amr assets/rlvga.png, id=803, 333.245pt x 279.0425pt>
File: amr assets/rlvga.png Graphic file (type png)
<use amr assets/rlvga.png>
Package pdftex.def Info: amr assets/rlvga.png  used on input line 161.
(pdftex.def)             Requested size: 111.00967pt x 92.9529pt.
<amr assets/2quadvga.png, id=804, 211.79124pt x 192.72pt>
File: amr assets/2quadvga.png Graphic file (type png)
<use amr assets/2quadvga.png>
Package pdftex.def Info: amr assets/2quadvga.png  used on input line 169.
(pdftex.def)             Requested size: 111.00967pt x 101.01189pt.
<amr assets/4quadvga.png, id=805, 240.9pt x 229.85875pt>
File: amr assets/4quadvga.png Graphic file (type png)
<use amr assets/4quadvga.png>
Package pdftex.def Info: amr assets/4quadvga.png  used on input line 177.
(pdftex.def)             Requested size: 111.00967pt x 105.91867pt.
 [30 <./amr assets/rlvga.png> <./amr assets/2quadvga.png> <./amr assets/4quadvga.png>]
<amr assets/digitalvga.png, id=819, 250.9375pt x 297.11pt>
File: amr assets/digitalvga.png Graphic file (type png)
<use amr assets/digitalvga.png>
Package pdftex.def Info: amr assets/digitalvga.png  used on input line 199.
(pdftex.def)             Requested size: 151.76964pt x 179.7045pt.
<amr assets/hybridvga.png, id=820, 285.065pt x 329.73187pt>
File: amr assets/hybridvga.png Graphic file (type png)
<use amr assets/hybridvga.png>
Package pdftex.def Info: amr assets/hybridvga.png  used on input line 209.
(pdftex.def)             Requested size: 151.76964pt x 175.54697pt.
 (Chapters/CTLE_parts/intro.tex
<CTLE Chapter img/survey.png, id=821, 701.62125pt x 377.15906pt>
File: CTLE Chapter img/survey.png Graphic file (type png)
<use CTLE Chapter img/survey.png>
Package pdftex.def Info: CTLE Chapter img/survey.png  used on input line 6.
(pdftex.def)             Requested size: 346.89732pt x 186.4785pt.
<CTLE Chapter img/survey_2.png, id=822, 709.90219pt x 470.50781pt>
File: CTLE Chapter img/survey_2.png Graphic file (type png)
<use CTLE Chapter img/survey_2.png>
Package pdftex.def Info: CTLE Chapter img/survey_2.png  used on input line 15.
(pdftex.def)             Requested size: 212.47618pt x 140.82317pt.

Overfull \hbox (39.38464pt too wide) in paragraph at lines 23--34
 [][] 
 []

[31 <./amr assets/digitalvga.png>] [32 <./amr assets/hybridvga.png> <./CTLE Chapter img/survey.png> <./CTLE Chapter img/survey_2.png>]) (Chapters/CTLE_parts/passive.tex
Underfull \hbox (badness 10000) in paragraph at lines 41--1

 []

<CTLE Chapter img/passive CTLE.png, id=839, 245.41687pt x 212.29312pt>
File: CTLE Chapter img/passive CTLE.png Graphic file (type png)
<use CTLE Chapter img/passive CTLE.png>
Package pdftex.def Info: CTLE Chapter img/passive CTLE.png  used on input line 7.
(pdftex.def)             Requested size: 136.58876pt x 118.15771pt.
<CTLE Chapter img/SD CTLE TF.png, id=840, 393.72093pt x 248.42813pt>
File: CTLE Chapter img/SD CTLE TF.png Graphic file (type png)
<use CTLE Chapter img/SD CTLE TF.png>
Package pdftex.def Info: CTLE Chapter img/SD CTLE TF.png  used on input line 14.
(pdftex.def)             Requested size: 195.12767pt x 123.11824pt.
[33 <./CTLE Chapter img/passive CTLE.png> <./CTLE Chapter img/SD CTLE TF.png>] [34]) (Chapters/CTLE_parts/sd.tex
<CTLE Chapter img/SD CTLE schematic.png, id=855, 438.13687pt x 429.85594pt>
File: CTLE Chapter img/SD CTLE schematic.png Graphic file (type png)
<use CTLE Chapter img/SD CTLE schematic.png>
Package pdftex.def Info: CTLE Chapter img/SD CTLE schematic.png  used on input line 11.
(pdftex.def)             Requested size: 151.76964pt x 148.90388pt.
 [35 <./CTLE Chapter img/SD CTLE schematic.png>]
File: CTLE Chapter img/SD CTLE schematic.png Graphic file (type png)
<use CTLE Chapter img/SD CTLE schematic.png>
Package pdftex.def Info: CTLE Chapter img/SD CTLE schematic.png  used on input line 26.
(pdftex.def)             Requested size: 145.69438pt x 142.9417pt.
<CTLE Chapter img/SD CTLE BEHAV.png, id=863, 337.26pt x 188.95593pt>
File: CTLE Chapter img/SD CTLE BEHAV.png Graphic file (type png)
<use CTLE Chapter img/SD CTLE BEHAV.png>
Package pdftex.def Info: CTLE Chapter img/SD CTLE BEHAV.png  used on input line 33.
(pdftex.def)             Requested size: 208.13574pt x 116.61229pt.
 [36 <./CTLE Chapter img/SD CTLE BEHAV.png>]
<CTLE Chapter img/effect of inc RL.png, id=872, 349.305pt x 203.25937pt>
File: CTLE Chapter img/effect of inc RL.png Graphic file (type png)
<use CTLE Chapter img/effect of inc RL.png>
Package pdftex.def Info: CTLE Chapter img/effect of inc RL.png  used on input line 81.
(pdftex.def)             Requested size: 238.49232pt x 138.779pt.
<CTLE Chapter img/effect of inc RS.png, id=873, 581.92406pt x 176.15813pt>
File: CTLE Chapter img/effect of inc RS.png Graphic file (type png)
<use CTLE Chapter img/effect of inc RS.png>
Package pdftex.def Info: CTLE Chapter img/effect of inc RS.png  used on input line 102.
(pdftex.def)             Requested size: 346.89732pt x 105.01294pt.
 [37 <./CTLE Chapter img/effect of inc RL.png>]
<CTLE Chapter img/effect of inc CS.png, id=881, 582.67688pt x 187.45032pt>
File: CTLE Chapter img/effect of inc CS.png Graphic file (type png)
<use CTLE Chapter img/effect of inc CS.png>
Package pdftex.def Info: CTLE Chapter img/effect of inc CS.png  used on input line 133.
(pdftex.def)             Requested size: 346.89732pt x 111.60153pt.
 [38 <./CTLE Chapter img/effect of inc RS.png>]
<CTLE Chapter img/effect of inc ibias.png, id=888, 583.42969pt x 188.95593pt>
File: CTLE Chapter img/effect of inc ibias.png Graphic file (type png)
<use CTLE Chapter img/effect of inc ibias.png>
Package pdftex.def Info: CTLE Chapter img/effect of inc ibias.png  used on input line 164.
(pdftex.def)             Requested size: 346.89732pt x 112.35376pt.
 [39 <./CTLE Chapter img/effect of inc CS.png> <./CTLE Chapter img/effect of inc ibias.png>]
Overfull \hbox (0.78307pt too wide) detected at line 179
[][]
 []


Overfull \hbox (4.61018pt too wide) in paragraph at lines 228--228
[]|\T1/lmr/bx/n/10.95 (-20) Parameter|  
 []

) (Chapters/CTLE_parts/tp.tex
<CTLE Chapter img/idea of multipath_mid compensation.png, id=898, 402.00188pt x 258.9675pt>
File: CTLE Chapter img/idea of multipath_mid compensation.png Graphic file (type png)
<use CTLE Chapter img/idea of multipath_mid compensation.png>
Package pdftex.def Info: CTLE Chapter img/idea of multipath_mid compensation.png  used on input line 6.
(pdftex.def)             Requested size: 303.53267pt x 195.53308pt.
 [40]
<CTLE Chapter img/multipath block diagram.png, id=908, 412.54124pt x 182.93344pt>
File: CTLE Chapter img/multipath block diagram.png Graphic file (type png)
<use CTLE Chapter img/multipath block diagram.png>
Package pdftex.def Info: CTLE Chapter img/multipath block diagram.png  used on input line 19.
(pdftex.def)             Requested size: 151.76964pt x 67.2991pt.
<CTLE Chapter img/multipath schematic.png, id=912, 588.69937pt x 255.95625pt>
File: CTLE Chapter img/multipath schematic.png Graphic file (type png)
<use CTLE Chapter img/multipath schematic.png>
Package pdftex.def Info: CTLE Chapter img/multipath schematic.png  used on input line 28.
(pdftex.def)             Requested size: 281.85036pt x 122.54515pt.
 [41 <./CTLE Chapter img/idea of multipath_mid compensation.png> <./CTLE Chapter img/multipath block diagram.png>]
<CTLE Chapter img/multipath real response.png, id=926, 312.41719pt x 188.95593pt>
File: CTLE Chapter img/multipath real response.png Graphic file (type png)
<use CTLE Chapter img/multipath real response.png>
Package pdftex.def Info: CTLE Chapter img/multipath real response.png  used on input line 40.
(pdftex.def)             Requested size: 173.44534pt x 104.90637pt.

Overfull \hbox (2.2462pt too wide) detected at line 59
[][]
 []

[42 <./CTLE Chapter img/multipath schematic.png> <./CTLE Chapter img/multipath real response.png>]
<CTLE Chapter img/multipath effect of Rmul.png, id=936, 270.25969pt x 161.10187pt>
File: CTLE Chapter img/multipath effect of Rmul.png Graphic file (type png)
<use CTLE Chapter img/multipath effect of Rmul.png>
Package pdftex.def Info: CTLE Chapter img/multipath effect of Rmul.png  used on input line 77.
(pdftex.def)             Requested size: 173.44534pt x 103.39244pt.
<CTLE Chapter img/multipath effect of Cmul.png, id=938, 279.29344pt x 184.43906pt>
File: CTLE Chapter img/multipath effect of Cmul.png Graphic file (type png)
<use CTLE Chapter img/multipath effect of Cmul.png>
Package pdftex.def Info: CTLE Chapter img/multipath effect of Cmul.png  used on input line 95.
(pdftex.def)             Requested size: 173.44534pt x 114.54239pt.
 [43 <./CTLE Chapter img/multipath effect of Rmul.png>]
<CTLE Chapter img/multipath effect of w.png, id=948, 268.75406pt x 187.45032pt>
File: CTLE Chapter img/multipath effect of w.png Graphic file (type png)
<use CTLE Chapter img/multipath effect of w.png>
Package pdftex.def Info: CTLE Chapter img/multipath effect of w.png  used on input line 113.
(pdftex.def)             Requested size: 173.44534pt x 120.9746pt.

Overfull \hbox (17.6434pt too wide) in paragraph at lines 133--147
 [][] 
 []

[44 <./CTLE Chapter img/multipath effect of Cmul.png> <./CTLE Chapter img/multipath effect of w.png>] [45]) (Chapters/CTLE_parts/nc.tex
<CTLE Chapter img/NC SCHEMATIC.png, id=964, 633.11531pt x 313.17pt>
File: CTLE Chapter img/NC SCHEMATIC.png Graphic file (type png)
<use CTLE Chapter img/NC SCHEMATIC.png>
Package pdftex.def Info: CTLE Chapter img/NC SCHEMATIC.png  used on input line 11.
(pdftex.def)             Requested size: 238.49232pt x 117.96887pt.
 [46 <./CTLE Chapter img/NC SCHEMATIC.png>]
<CTLE Chapter img/nc assymptotic response.png, id=971, 365.11406pt x 243.91125pt>
File: CTLE Chapter img/nc assymptotic response.png Graphic file (type png)
<use CTLE Chapter img/nc assymptotic response.png>
Package pdftex.def Info: CTLE Chapter img/nc assymptotic response.png  used on input line 62.
(pdftex.def)             Requested size: 145.69438pt x 97.3283pt.
<CTLE Chapter img/nc real response .png, id=972, 368.87813pt x 225.84375pt>
File: CTLE Chapter img/nc real response .png Graphic file (type png)
<use CTLE Chapter img/nc real response .png>
Package pdftex.def Info: CTLE Chapter img/nc real response .png  used on input line 69.
(pdftex.def)             Requested size: 145.69438pt x 89.19868pt.
 [47 <./CTLE Chapter img/nc assymptotic response.png> <./CTLE Chapter img/nc real response .png>]
<CTLE Chapter img/effect of inc.png, id=986, 291.33844pt x 197.98969pt>
File: CTLE Chapter img/effect of inc.png Graphic file (type png)
<use CTLE Chapter img/effect of inc.png>
Package pdftex.def Info: CTLE Chapter img/effect of inc.png  used on input line 106.
(pdftex.def)             Requested size: 216.81pt x 147.34389pt.
 [48] [49 <./CTLE Chapter img/effect of inc.png>] [50]
<CTLE Chapter img/nc damping factor.png, id=1002, 509.65407pt x 214.55156pt>
File: CTLE Chapter img/nc damping factor.png Graphic file (type png)
<use CTLE Chapter img/nc damping factor.png>
Package pdftex.def Info: CTLE Chapter img/nc damping factor.png  used on input line 151.
(pdftex.def)             Requested size: 368.57965pt x 155.17104pt.
 [51 <./CTLE Chapter img/nc damping factor.png>]
<CTLE Chapter img/pvt variations.png, id=1010, 583.42969pt x 317.68687pt>
File: CTLE Chapter img/pvt variations.png Graphic file (type png)
<use CTLE Chapter img/pvt variations.png>
Package pdftex.def Info: CTLE Chapter img/pvt variations.png  used on input line 171.
(pdftex.def)             Requested size: 368.57965pt x 200.70123pt.
 [52 <./CTLE Chapter img/pvt variations.png>]
<CTLE Chapter img/nc eye diagram.png, id=1020, 677.53125pt x 202.50656pt>
File: CTLE Chapter img/nc eye diagram.png Graphic file (type png)
<use CTLE Chapter img/nc eye diagram.png>
Package pdftex.def Info: CTLE Chapter img/nc eye diagram.png  used on input line 197.
(pdftex.def)             Requested size: 433.62001pt x 129.60683pt.
) (Chapters/CTLE_parts/pai.tex [53 <./CTLE Chapter img/nc eye diagram.png>] [54]
<CTLE Chapter img/passive_ind_assymptotic.png, id=1038, 304.13625pt x 203.25937pt>
File: CTLE Chapter img/passive_ind_assymptotic.png Graphic file (type png)
<use CTLE Chapter img/passive_ind_assymptotic.png>
Package pdftex.def Info: CTLE Chapter img/passive_ind_assymptotic.png  used on input line 16.
(pdftex.def)             Requested size: 195.12767pt x 130.4112pt.
<CTLE Chapter img/passive_ind schematic.png, id=1039, 324.46219pt x 252.945pt>
File: CTLE Chapter img/passive_ind schematic.png Graphic file (type png)
<use CTLE Chapter img/passive_ind schematic.png>
Package pdftex.def Info: CTLE Chapter img/passive_ind schematic.png  used on input line 23.
(pdftex.def)             Requested size: 195.12767pt x 152.11938pt.
 [55 <./CTLE Chapter img/passive_ind_assymptotic.png> <./CTLE Chapter img/passive_ind schematic.png>]
<CTLE Chapter img/active_schematic.png, id=1049, 340.27126pt x 283.81032pt>
File: CTLE Chapter img/active_schematic.png Graphic file (type png)
<use CTLE Chapter img/active_schematic.png>
Package pdftex.def Info: CTLE Chapter img/active_schematic.png  used on input line 63.
(pdftex.def)             Requested size: 260.17465pt x 217.01457pt.
 [56 <./CTLE Chapter img/active_schematic.png>]
<CTLE Chapter img/active_assymptotic_and_real.png, id=1058, 541.27219pt x 161.10187pt>
File: CTLE Chapter img/active_assymptotic_and_real.png Graphic file (type png)
<use CTLE Chapter img/active_assymptotic_and_real.png>
Package pdftex.def Info: CTLE Chapter img/active_assymptotic_and_real.png  used on input line 98.
(pdftex.def)             Requested size: 433.62001pt x 129.06357pt.
 [57 <./CTLE Chapter img/active_assymptotic_and_real.png>]
<CTLE Chapter img/active pvt.png, id=1066, 561.59813pt x 210.03468pt>
File: CTLE Chapter img/active pvt.png Graphic file (type png)
<use CTLE Chapter img/active pvt.png>
Package pdftex.def Info: CTLE Chapter img/active pvt.png  used on input line 121.
(pdftex.def)             Requested size: 433.62001pt x 162.16946pt.
 [58 <./CTLE Chapter img/active pvt.png>]
Overfull \hbox (52.34041pt too wide) in paragraph at lines 142--158
 [][] 
 []

) (Chapters/CTLE_parts/assfb.tex
<CTLE Chapter img/assfb_block diagram.png, id=1075, 572.1375pt x 168.63pt>
File: CTLE Chapter img/assfb_block diagram.png Graphic file (type png)
<use CTLE Chapter img/assfb_block diagram.png>
Package pdftex.def Info: CTLE Chapter img/assfb_block diagram.png  used on input line 11.
(pdftex.def)             Requested size: 390.25536pt x 115.02454pt.
 [59 <./CTLE Chapter img/assfb_block diagram.png>]
<CTLE Chapter img/assfb_schematic.png, id=1085, 581.92406pt x 261.97874pt>
File: CTLE Chapter img/assfb_schematic.png Graphic file (type png)
<use CTLE Chapter img/assfb_schematic.png>
Package pdftex.def Info: CTLE Chapter img/assfb_schematic.png  used on input line 20.
(pdftex.def)             Requested size: 346.89732pt x 156.1731pt.
<CTLE Chapter img/assfb_assym.png, id=1087, 395.22656pt x 235.63031pt>
File: CTLE Chapter img/assfb_assym.png Graphic file (type png)
<use CTLE Chapter img/assfb_assym.png>
Package pdftex.def Info: CTLE Chapter img/assfb_assym.png  used on input line 34.
(pdftex.def)             Requested size: 197.72832pt x 117.88316pt.
<CTLE Chapter img/assfb_real.png, id=1088, 316.18124pt x 193.47281pt>
File: CTLE Chapter img/assfb_real.png Graphic file (type png)
<use CTLE Chapter img/assfb_real.png>
Package pdftex.def Info: CTLE Chapter img/assfb_real.png  used on input line 41.
(pdftex.def)             Requested size: 197.72832pt x 120.994pt.
 [60 <./CTLE Chapter img/assfb_schematic.png>]
<CTLE Chapter img/assfb_effect of w.png, id=1097, 298.11375pt x 210.7875pt>
File: CTLE Chapter img/assfb_effect of w.png Graphic file (type png)
<use CTLE Chapter img/assfb_effect of w.png>
Package pdftex.def Info: CTLE Chapter img/assfb_effect of w.png  used on input line 73.
(pdftex.def)             Requested size: 173.44534pt x 122.63957pt.
 [61 <./CTLE Chapter img/assfb_assym.png> <./CTLE Chapter img/assfb_real.png> <./CTLE Chapter img/assfb_effect of w.png>]
<CTLE Chapter img/assfb_effect of i bias.png, id=1109, 303.38344pt x 216.05719pt>
File: CTLE Chapter img/assfb_effect of i bias.png Graphic file (type png)
<use CTLE Chapter img/assfb_effect of i bias.png>
Package pdftex.def Info: CTLE Chapter img/assfb_effect of i bias.png  used on input line 91.
(pdftex.def)             Requested size: 173.44534pt x 123.5231pt.

Overfull \hbox (37.15955pt too wide) detected at line 111
[][]
 []

) (Chapters/CTLE_parts/comp.tex
Underfull \hbox (badness 10000) in paragraph at lines 35--35
[]|\T1/lmr/bx/n/10.95 (+20) Passive-Inductor
 []


Underfull \hbox (badness 10000) in paragraph at lines 43--43
[]|\T1/lmr/bx/n/10.95 (+20) Active-Inductor
 []

) [62 <./CTLE Chapter img/assfb_effect of i bias.png>] [63] [64]
<images/pcie6_standard_extracted_behav_model_ctle.png, id=1131, 450.9347pt x 338.01282pt>
File: images/pcie6_standard_extracted_behav_model_ctle.png Graphic file (type png)
<use images/pcie6_standard_extracted_behav_model_ctle.png>
Package pdftex.def Info: images/pcie6_standard_extracted_behav_model_ctle.png  used on input line 243.
(pdftex.def)             Requested size: 433.62001pt x 325.05078pt.
 [65 <./images/pcie6_standard_extracted_behav_model_ctle.png>]
<images/pcie6_standard_ctle_spec.png, id=1141, 422.32782pt x 357.58594pt>
File: images/pcie6_standard_ctle_spec.png Graphic file (type png)
<use images/pcie6_standard_ctle_spec.png>
Package pdftex.def Info: images/pcie6_standard_ctle_spec.png  used on input line 254.
(pdftex.def)             Requested size: 346.89732pt x 293.72433pt.
<images/channel_model.png, id=1143, 1277.77374pt x 635.37375pt>
File: images/channel_model.png Graphic file (type png)
<use images/channel_model.png>
Package pdftex.def Info: images/channel_model.png  used on input line 286.
(pdftex.def)             Requested size: 346.89732pt x 172.49362pt.
<images/channel_response.jpg, id=1144, 450.9648pt x 397.9668pt>
File: images/channel_response.jpg Graphic file (type jpg)
<use images/channel_response.jpg>
Package pdftex.def Info: images/channel_response.jpg  used on input line 295.
(pdftex.def)             Requested size: 281.85036pt x 248.74077pt.
 [66 <./images/pcie6_standard_ctle_spec.png>] [67 <./images/channel_model.png>]
<images/behavioral_ctle_response.jpg, id=1159, 481.5591pt x 396.5214pt>
File: images/behavioral_ctle_response.jpg Graphic file (type jpg)
<use images/behavioral_ctle_response.jpg>
Package pdftex.def Info: images/behavioral_ctle_response.jpg  used on input line 304.
(pdftex.def)             Requested size: 368.57965pt x 303.50728pt.

Underfull \hbox (badness 10000) in paragraph at lines 309--310

 []

[68 <./images/channel_response.jpg>] [69 <./images/behavioral_ctle_response.jpg>]
<images/behavioral_CTLE_AC_eye_diagram_19db_channel.png, id=1170, 389.20406pt x 331.2375pt>
File: images/behavioral_CTLE_AC_eye_diagram_19db_channel.png Graphic file (type png)
<use images/behavioral_CTLE_AC_eye_diagram_19db_channel.png>
Package pdftex.def Info: images/behavioral_CTLE_AC_eye_diagram_19db_channel.png  used on input line 318.
(pdftex.def)             Requested size: 368.57965pt x 313.6933pt.

Underfull \hbox (badness 10000) in paragraph at lines 323--324

 []

[70 <./images/behavioral_CTLE_AC_eye_diagram_19db_channel.png>]
<images/only_onestage_SD_ctle.jpg, id=1179, 737.00343pt x 428.35031pt>
File: images/only_onestage_SD_ctle.jpg Graphic file (type jpg)
<use images/only_onestage_SD_ctle.jpg>
Package pdftex.def Info: images/only_onestage_SD_ctle.jpg  used on input line 343.
(pdftex.def)             Requested size: 368.57965pt x 214.22037pt.
 [71 <./images/only_onestage_SD_ctle.jpg>]
<images/proposed_topology_block_diagram.png, id=1189, 596.2275pt x 325.215pt>
File: images/proposed_topology_block_diagram.png Graphic file (type png)
<use images/proposed_topology_block_diagram.png>
Package pdftex.def Info: images/proposed_topology_block_diagram.png  used on input line 356.
(pdftex.def)             Requested size: 303.53267pt x 165.56467pt.
<images/proposed_topology.png, id=1191, 807.015pt x 285.357pt>
File: images/proposed_topology.png Graphic file (type png)
<use images/proposed_topology.png>
Package pdftex.def Info: images/proposed_topology.png  used on input line 370.
(pdftex.def)             Requested size: 433.62001pt x 153.32849pt.
 [72 <./images/proposed_topology_block_diagram.png>]
Underfull \hbox (badness 10000) in paragraph at lines 423--425

 []

[73 <./images/proposed_topology.png>]
LaTeX Font Info:    Trying to load font information for T1+lmtt on input line 451.
 (C:\Program Files\MiKTeX\tex/latex/lm\t1lmtt.fd
File: t1lmtt.fd 2015/05/01 v1.6.1 Font defs for Latin Modern
)
Package microtype Info: Loading generic protrusion settings for font family
(microtype)             `lmtt' (encoding: T1).
(microtype)             For optimal results, create family-specific settings.
(microtype)             See the microtype manual for details.
<images/Circuit_schematic_with_back_annotations.png, id=1209, 855.414pt x 402.741pt>
File: images/Circuit_schematic_with_back_annotations.png Graphic file (type png)
<use images/Circuit_schematic_with_back_annotations.png>
Package pdftex.def Info: images/Circuit_schematic_with_back_annotations.png  used on input line 455.
(pdftex.def)             Requested size: 433.62001pt x 204.15382pt.
 [74 <./images/Circuit_schematic_with_back_annotations.png>] [75] [76]
<images/Resistor_bank_schematic.png, id=1227, 1282.7925pt x 1234.6125pt>
File: images/Resistor_bank_schematic.png Graphic file (type png)
<use images/Resistor_bank_schematic.png>
Package pdftex.def Info: images/Resistor_bank_schematic.png  used on input line 511.
(pdftex.def)             Requested size: 346.89732pt x 333.85847pt.
 [77 <./images/Resistor_bank_schematic.png (PNG copy)>] [78] [79]
<images/cap_bank.png, id=1243, 864.22874pt x 598.48593pt>
File: images/cap_bank.png Graphic file (type png)
<use images/cap_bank.png>
Package pdftex.def Info: images/cap_bank.png  used on input line 554.
(pdftex.def)             Requested size: 303.53267pt x 210.19464pt.
LaTeX Font Info:    Font shape `T1/lmtt/bx/n' in size <10.95> not available
(Font)              Font shape `T1/lmtt/b/n' tried instead on input line 563.
 [80 <./images/cap_bank.png>]
<images/Picture11.png, id=1252, 567.62062pt x 339.51843pt>
File: images/Picture11.png Graphic file (type png)
<use images/Picture11.png>
Package pdftex.def Info: images/Picture11.png  used on input line 592.
(pdftex.def)             Requested size: 303.53267pt x 181.56026pt.
 [81 <./images/Picture11.png>] [82]
<images/ctle_test_bench.png, id=1263, 855.94781pt x 525.46312pt>
File: images/ctle_test_bench.png Graphic file (type png)
<use images/ctle_test_bench.png>
Package pdftex.def Info: images/ctle_test_bench.png  used on input line 615.
(pdftex.def)             Requested size: 433.62001pt x 266.19466pt.
 [83 <./images/ctle_test_bench.png>]
<images/ac_response_2_stages.png, id=1272, 792.71156pt x 376.40625pt>
File: images/ac_response_2_stages.png Graphic file (type png)
<use images/ac_response_2_stages.png>
Package pdftex.def Info: images/ac_response_2_stages.png  used on input line 643.
(pdftex.def)             Requested size: 390.25536pt x 185.30794pt.
 [84 <./images/ac_response_2_stages.png>]
<images/ac_response_2_stages_all_settings.png, id=1280, 633.11531pt x 378.66469pt>
File: images/ac_response_2_stages_all_settings.png Graphic file (type png)
<use images/ac_response_2_stages_all_settings.png>
Package pdftex.def Info: images/ac_response_2_stages_all_settings.png  used on input line 662.
(pdftex.def)             Requested size: 390.25536pt x 233.41763pt.
 [85 <./images/ac_response_2_stages_all_settings.png>]
<images/ctle_gain_linearity_gain_15dB_1db_compression.png, id=1291, 485.56406pt x 276.28218pt>
File: images/ctle_gain_linearity_gain_15dB_1db_compression.png Graphic file (type png)
<use images/ctle_gain_linearity_gain_15dB_1db_compression.png>
Package pdftex.def Info: images/ctle_gain_linearity_gain_15dB_1db_compression.png  used on input line 695.
(pdftex.def)             Requested size: 346.89732pt x 197.38005pt.
<images/ctle_gain_linearity_gain_15dB_sinwave.png, id=1292, 457.71pt x 277.78781pt>
File: images/ctle_gain_linearity_gain_15dB_sinwave.png Graphic file (type png)
<use images/ctle_gain_linearity_gain_15dB_sinwave.png>
Package pdftex.def Info: images/ctle_gain_linearity_gain_15dB_sinwave.png  used on input line 702.
(pdftex.def)             Requested size: 346.89732pt x 210.54445pt.
 [86 <./images/ctle_gain_linearity_gain_15dB_1db_compression.png>]
<images/ctle_gain_linearity_gain_5dB_1db_compression.png, id=1302, 502.12593pt x 286.82156pt>
File: images/ctle_gain_linearity_gain_5dB_1db_compression.png Graphic file (type png)
<use images/ctle_gain_linearity_gain_5dB_1db_compression.png>
Package pdftex.def Info: images/ctle_gain_linearity_gain_5dB_1db_compression.png  used on input line 720.
(pdftex.def)             Requested size: 325.215pt x 185.77531pt.
<images/ctle_gain_linearity_gain_5dB_sinwave.png, id=1303, 438.8897pt x 288.3272pt>
File: images/ctle_gain_linearity_gain_5dB_sinwave.png Graphic file (type png)
<use images/ctle_gain_linearity_gain_5dB_sinwave.png>
Package pdftex.def Info: images/ctle_gain_linearity_gain_5dB_sinwave.png  used on input line 727.
(pdftex.def)             Requested size: 325.215pt x 213.65353pt.
 [87 <./images/ctle_gain_linearity_gain_15dB_sinwave.png>] [88 <./images/ctle_gain_linearity_gain_5dB_1db_compression.png> <./images/ctle_gain_linearity_gain_5dB_sinwave.png>]
<images/ctle_pnoise.png, id=1319, 638.385pt x 368.87813pt>
File: images/ctle_pnoise.png Graphic file (type png)
<use images/ctle_pnoise.png>
Package pdftex.def Info: images/ctle_pnoise.png  used on input line 745.
(pdftex.def)             Requested size: 390.25536pt x 225.49937pt.
<images/pnoise_peaking.png, id=1321, 635.37375pt x 438.13687pt>
File: images/pnoise_peaking.png Graphic file (type png)
<use images/pnoise_peaking.png>
Package pdftex.def Info: images/pnoise_peaking.png  used on input line 756.
(pdftex.def)             Requested size: 390.25536pt x 269.12164pt.
 [89 <./images/ctle_pnoise.png>]
<images/ctle_sbr.png, id=1330, 683.55376pt x 378.66469pt>
File: images/ctle_sbr.png Graphic file (type png)
<use images/ctle_sbr.png>
Package pdftex.def Info: images/ctle_sbr.png  used on input line 773.
(pdftex.def)             Requested size: 433.62001pt x 240.21251pt.
 [90 <./images/pnoise_peaking.png>]
<images/ac_response_2_stages_15dB_all_corneres.png, id=1340, 747.54282pt x 444.15938pt>
File: images/ac_response_2_stages_15dB_all_corneres.png Graphic file (type png)
<use images/ac_response_2_stages_15dB_all_corneres.png>
Package pdftex.def Info: images/ac_response_2_stages_15dB_all_corneres.png  used on input line 807.
(pdftex.def)             Requested size: 390.25536pt x 231.87236pt.
 [91 <./images/ctle_sbr.png>] [92 <./images/ac_response_2_stages_15dB_all_corneres.png>]
<images/ctle_floorplane_diagram.png, id=1355, 253.602pt x 402.522pt>
File: images/ctle_floorplane_diagram.png Graphic file (type png)
<use images/ctle_floorplane_diagram.png>
Package pdftex.def Info: images/ctle_floorplane_diagram.png  used on input line 844.
(pdftex.def)             Requested size: 208.13574pt x 330.36499pt.
<images/full_layout_without_Rbank.png, id=1356, 347.04657pt x 920.68968pt>
File: images/full_layout_without_Rbank.png Graphic file (type png)
<use images/full_layout_without_Rbank.png>
Package pdftex.def Info: images/full_layout_without_Rbank.png  used on input line 848.
(pdftex.def)             Requested size: 145.69438pt x 386.5325pt.
<images/full_layout_with_Rbank.png, id=1358, 954.56625pt x 252.945pt>
File: images/full_layout_with_Rbank.png Graphic file (type png)
<use images/full_layout_with_Rbank.png>
Package pdftex.def Info: images/full_layout_with_Rbank.png  used on input line 858.
(pdftex.def)             Requested size: 411.93768pt x 109.15405pt.
<images/ctle_pex.png, id=1360, 685.05937pt x 360.59718pt>
File: images/ctle_pex.png Graphic file (type png)
<use images/ctle_pex.png>
Package pdftex.def Info: images/ctle_pex.png  used on input line 869.
(pdftex.def)             Requested size: 390.25536pt x 205.42697pt.
 [93] [94 <./images/ctle_floorplane_diagram.png> <./images/full_layout_without_Rbank.png> <./images/full_layout_with_Rbank.png>] [95 <./images/ctle_pex.png>] (Chapters/DFE_parts/arc.tex
<DFE img/DFE_img_14.png, id=1382, 261.22594pt x 214.55156pt>
File: DFE img/DFE_img_14.png Graphic file (type png)
<use DFE img/DFE_img_14.png>
Package pdftex.def Info: DFE img/DFE_img_14.png  used on input line 15.
(pdftex.def)             Requested size: 216.81pt x 178.07446pt.
 [96]
<DFE img/DFE_img_15.png, id=1389, 192.72pt x 213.04594pt>
File: DFE img/DFE_img_15.png Graphic file (type png)
<use DFE img/DFE_img_15.png>
Package pdftex.def Info: DFE img/DFE_img_15.png  used on input line 34.
(pdftex.def)             Requested size: 173.44534pt x 191.73631pt.
 [97 <./DFE img/DFE_img_14.png> <./DFE img/DFE_img_15.png>]
<DFE img/DFE_img_16.png, id=1399, 633.86812pt x 438.8897pt>
File: DFE img/DFE_img_16.png Graphic file (type png)
<use DFE img/DFE_img_16.png>
Package pdftex.def Info: DFE img/DFE_img_16.png  used on input line 53.
(pdftex.def)             Requested size: 260.17465pt x 180.14685pt.
<DFE img/DFE_img_17.png, id=1400, 415.5525pt x 463.7325pt>
File: DFE img/DFE_img_17.png Graphic file (type png)
<use DFE img/DFE_img_17.png>
Package pdftex.def Info: DFE img/DFE_img_17.png  used on input line 68.
(pdftex.def)             Requested size: 216.81pt x 241.94894pt.
 [98 <./DFE img/DFE_img_16.png>]
<DFE img/DFE_img_18.png, id=1411, 581.17125pt x 255.95625pt>
File: DFE img/DFE_img_18.png Graphic file (type png)
<use DFE img/DFE_img_18.png>
Package pdftex.def Info: DFE img/DFE_img_18.png  used on input line 91.
(pdftex.def)             Requested size: 303.53267pt x 133.67993pt.
<DFE img/DFE_img_19.png, id=1414, 359.09157pt x 252.19218pt>
File: DFE img/DFE_img_19.png Graphic file (type png)
<use DFE img/DFE_img_19.png>
Package pdftex.def Info: DFE img/DFE_img_19.png  used on input line 105.
(pdftex.def)             Requested size: 216.81pt x 152.2708pt.
 [99 <./DFE img/DFE_img_17.png>]
<DFE img/DFE_img_20.png, id=1425, 420.06938pt x 199.49532pt>
File: DFE img/DFE_img_20.png Graphic file (type png)
<use DFE img/DFE_img_20.png>
Package pdftex.def Info: DFE img/DFE_img_20.png  used on input line 119.
(pdftex.def)             Requested size: 173.44534pt x 82.37196pt.
<DFE img/DFE_img_21.png, id=1426, 362.10281pt x 304.13625pt>
File: DFE img/DFE_img_21.png Graphic file (type png)
<use DFE img/DFE_img_21.png>
Package pdftex.def Info: DFE img/DFE_img_21.png  used on input line 125.
(pdftex.def)             Requested size: 173.44534pt x 145.68208pt.
<DFE img/DFE_img_12.png, id=1427, 481.04718pt x 356.83313pt>
File: DFE img/DFE_img_12.png Graphic file (type png)
<use DFE img/DFE_img_12.png>
Package pdftex.def Info: DFE img/DFE_img_12.png  used on input line 134.
(pdftex.def)             Requested size: 195.12767pt x 144.7453pt.
<DFE img/DFE_img_13.png, id=1428, 248.42813pt x 190.46156pt>
File: DFE img/DFE_img_13.png Graphic file (type png)
<use DFE img/DFE_img_13.png>
Package pdftex.def Info: DFE img/DFE_img_13.png  used on input line 136.
(pdftex.def)             Requested size: 195.12767pt x 149.59982pt.
 [100 <./DFE img/DFE_img_18.png> <./DFE img/DFE_img_19.png> <./DFE img/DFE_img_20.png>]
<DFE img/DFE_img_22.png, id=1442, 569.87906pt x 161.85469pt>
File: DFE img/DFE_img_22.png Graphic file (type png)
<use DFE img/DFE_img_22.png>
Package pdftex.def Info: DFE img/DFE_img_22.png  used on input line 148.
(pdftex.def)             Requested size: 346.89732pt x 98.52374pt.
 [101 <./DFE img/DFE_img_21.png> <./DFE img/DFE_img_12.png> <./DFE img/DFE_img_13.png>]
<DFE img/DFE_img_23.png, id=1456, 496.85625pt x 153.57375pt>
File: DFE img/DFE_img_23.png Graphic file (type png)
<use DFE img/DFE_img_23.png>
Package pdftex.def Info: DFE img/DFE_img_23.png  used on input line 163.
(pdftex.def)             Requested size: 260.17465pt x 80.41885pt.
<DFE img/DFE_img_24.png, id=1459, 562.35094pt x 184.43906pt>
File: DFE img/DFE_img_24.png Graphic file (type png)
<use DFE img/DFE_img_24.png>
Package pdftex.def Info: DFE img/DFE_img_24.png  used on input line 171.
(pdftex.def)             Requested size: 260.17465pt x 85.32986pt.
 [102 <./DFE img/DFE_img_22.png> <./DFE img/DFE_img_23.png>]
<DFE img/DFE_img_25.png, id=1472, 400.49625pt x 249.93375pt>
File: DFE img/DFE_img_25.png Graphic file (type png)
<use DFE img/DFE_img_25.png>
Package pdftex.def Info: DFE img/DFE_img_25.png  used on input line 186.
(pdftex.def)             Requested size: 216.81pt x 135.30544pt.
) (Chapters/DFE_parts/comparators.tex
<DFE img/DFE_img_26.png, id=1473, 528.47438pt x 459.96844pt>
File: DFE img/DFE_img_26.png Graphic file (type png)
<use DFE img/DFE_img_26.png>
Package pdftex.def Info: DFE img/DFE_img_26.png  used on input line 10.
(pdftex.def)             Requested size: 216.81pt x 188.70058pt.
 [103 <./DFE img/DFE_img_24.png> <./DFE img/DFE_img_25.png>] [104 <./DFE img/DFE_img_26.png>]
<DFE img/DFE_img_27.png, id=1490, 413.29407pt x 296.60812pt>
File: DFE img/DFE_img_27.png Graphic file (type png)
<use DFE img/DFE_img_27.png>
Package pdftex.def Info: DFE img/DFE_img_27.png  used on input line 57.
(pdftex.def)             Requested size: 216.81pt x 155.5994pt.
 [105 <./DFE img/DFE_img_27.png>]
Underfull \hbox (badness 1052) in paragraph at lines 84--84
[][]|\T1/lmr/m/n/10 (+20) Tran-sis-tor Siz-ing for Strong Arm
 []

<DFE img/DFE_img_28.png, id=1500, 391.4625pt x 376.40625pt>
File: DFE img/DFE_img_28.png Graphic file (type png)
<use DFE img/DFE_img_28.png>
Package pdftex.def Info: DFE img/DFE_img_28.png  used on input line 89.
(pdftex.def)             Requested size: 187.32089pt x 180.11581pt.
<DFE img/DFE_img_29.png, id=1501, 315.42844pt x 225.09094pt>
File: DFE img/DFE_img_29.png Graphic file (type png)
<use DFE img/DFE_img_29.png>
Package pdftex.def Info: DFE img/DFE_img_29.png  used on input line 98.
(pdftex.def)             Requested size: 173.44534pt x 123.7729pt.
[106 <./DFE img/DFE_img_28.png> <./DFE img/DFE_img_29.png>]
<DFE img/DFE_img_30.png, id=1509, 283.0575pt x 478.78876pt>
File: DFE img/DFE_img_30.png Graphic file (type png)
<use DFE img/DFE_img_30.png>
Package pdftex.def Info: DFE img/DFE_img_30.png  used on input line 119.
(pdftex.def)             Requested size: 151.76964pt x 256.72295pt.
 [107]
<DFE img/DFE_img_31.png, id=1515, 375.65344pt x 329.73187pt>
File: DFE img/DFE_img_31.png Graphic file (type png)
<use DFE img/DFE_img_31.png>
Package pdftex.def Info: DFE img/DFE_img_31.png  used on input line 147.
(pdftex.def)             Requested size: 173.44534pt x 152.24702pt.
 [108 <./DFE img/DFE_img_30.png>]
<DFE img/DFE_img_32.png, id=1525, 244.66406pt x 225.09094pt>
File: DFE img/DFE_img_32.png Graphic file (type png)
<use DFE img/DFE_img_32.png>
Package pdftex.def Info: DFE img/DFE_img_32.png  used on input line 174.
(pdftex.def)             Requested size: 108.405pt x 99.7341pt.
 [109 <./DFE img/DFE_img_31.png>]
<DFE img/DFE_img_33.png, id=1532, 299.61937pt x 402.00188pt>
File: DFE img/DFE_img_33.png Graphic file (type png)
<use DFE img/DFE_img_33.png>
Package pdftex.def Info: DFE img/DFE_img_33.png  used on input line 201.
(pdftex.def)             Requested size: 151.76964pt x 203.63194pt.
 [110 <./DFE img/DFE_img_32.png> <./DFE img/DFE_img_33.png>]
<DFE img/DFE_img_34.png, id=1543, 427.5975pt x 150.5625pt>
File: DFE img/DFE_img_34.png Graphic file (type png)
<use DFE img/DFE_img_34.png>
Package pdftex.def Info: DFE img/DFE_img_34.png  used on input line 217.
(pdftex.def)             Requested size: 260.17465pt x 91.61095pt.
<DFE img/DFE_img_35.png, id=1544, 615.80063pt x 420.82219pt>
File: DFE img/DFE_img_35.png Graphic file (type png)
<use DFE img/DFE_img_35.png>
Package pdftex.def Info: DFE img/DFE_img_35.png  used on input line 230.
(pdftex.def)             Requested size: 208.13574pt x 142.23004pt.
<DFE img/DFE_img_36.png, id=1545, 520.19344pt x 286.06876pt>
File: DFE img/DFE_img_36.png Graphic file (type png)
<use DFE img/DFE_img_36.png>
Package pdftex.def Info: DFE img/DFE_img_36.png  used on input line 235.
(pdftex.def)             Requested size: 208.13574pt x 114.46039pt.
) (Chapters/DFE_parts/papers.tex [111 <./DFE img/DFE_img_34.png> <./DFE img/DFE_img_35.png> <./DFE img/DFE_img_36.png>]
<DFE img/DFE_img_43.png, id=1559, 616.55344pt x 440.39531pt>
File: DFE img/DFE_img_43.png Graphic file (type png)
<use DFE img/DFE_img_43.png>
Package pdftex.def Info: DFE img/DFE_img_43.png  used on input line 11.
(pdftex.def)             Requested size: 208.13574pt x 148.66396pt.
<DFE img/DFE_img_44.png, id=1560, 657.95813pt x 362.85562pt>
File: DFE img/DFE_img_44.png Graphic file (type png)
<use DFE img/DFE_img_44.png>
Package pdftex.def Info: DFE img/DFE_img_44.png  used on input line 19.
(pdftex.def)             Requested size: 208.13574pt x 114.78181pt.
<DFE img/DFE_img_45.png, id=1561, 724.20563pt x 450.18187pt>
File: DFE img/DFE_img_45.png Graphic file (type png)
<use DFE img/DFE_img_45.png>
Package pdftex.def Info: DFE img/DFE_img_45.png  used on input line 33.
(pdftex.def)             Requested size: 238.49232pt x 148.25136pt.
 [112 <./DFE img/DFE_img_43.png> <./DFE img/DFE_img_44.png>]
<DFE img/DFE_img_46.png, id=1570, 457.71pt x 339.51843pt>
File: DFE img/DFE_img_46.png Graphic file (type png)
<use DFE img/DFE_img_46.png>
Package pdftex.def Info: DFE img/DFE_img_46.png  used on input line 79.
(pdftex.def)             Requested size: 216.81pt x 160.8222pt.
 [113 <./DFE img/DFE_img_45.png> <./DFE img/DFE_img_46.png>]
<DFE img/DFE_img_47.png, id=1581, 934.99312pt x 405.76593pt>
File: DFE img/DFE_img_47.png Graphic file (type png)
<use DFE img/DFE_img_47.png>
Package pdftex.def Info: DFE img/DFE_img_47.png  used on input line 89.
(pdftex.def)             Requested size: 433.62001pt x 188.18388pt.
<DFE img/DFE_img_48.png, id=1582, 612.03656pt x 247.67531pt>
File: DFE img/DFE_img_48.png Graphic file (type png)
<use DFE img/DFE_img_48.png>
Package pdftex.def Info: DFE img/DFE_img_48.png  used on input line 97.
(pdftex.def)             Requested size: 130.08733pt x 52.64069pt.
<DFE img/DFE_img_49.png, id=1583, 303.38344pt x 257.46187pt>
File: DFE img/DFE_img_49.png Graphic file (type png)
<use DFE img/DFE_img_49.png>
Package pdftex.def Info: DFE img/DFE_img_49.png  used on input line 104.
(pdftex.def)             Requested size: 151.76964pt x 128.7974pt.
<DFE img/DFE_img_50.png, id=1584, 292.84406pt x 244.66406pt>
File: DFE img/DFE_img_50.png Graphic file (type png)
<use DFE img/DFE_img_50.png>
Package pdftex.def Info: DFE img/DFE_img_50.png  used on input line 106.
(pdftex.def)             Requested size: 151.76964pt x 126.80417pt.
 [114 <./DFE img/DFE_img_47.png>]
<DFE img/DFE_img_51.png, id=1592, 379.4175pt x 410.2828pt>
File: DFE img/DFE_img_51.png Graphic file (type png)
<use DFE img/DFE_img_51.png>
Package pdftex.def Info: DFE img/DFE_img_51.png  used on input line 155.
(pdftex.def)             Requested size: 151.76633pt x 164.11647pt.
<DFE img/DFE_img_52.png, id=1593, 279.29344pt x 347.04657pt>
File: DFE img/DFE_img_52.png Graphic file (type png)
<use DFE img/DFE_img_52.png>
Package pdftex.def Info: DFE img/DFE_img_52.png  used on input line 165.
(pdftex.def)             Requested size: 135.28696pt x 168.11086pt.
<DFE img/DFE_img_53.png, id=1594, 297.36093pt x 350.05782pt>
File: DFE img/DFE_img_53.png Graphic file (type png)
<use DFE img/DFE_img_53.png>
Package pdftex.def Info: DFE img/DFE_img_53.png  used on input line 172.
(pdftex.def)             Requested size: 135.28696pt x 159.26051pt.
<DFE img/DFE_img_54.png, id=1596, 465.23813pt x 320.69812pt>
File: DFE img/DFE_img_54.png Graphic file (type png)
<use DFE img/DFE_img_54.png>
Package pdftex.def Info: DFE img/DFE_img_54.png  used on input line 207.
(pdftex.def)             Requested size: 173.44534pt x 119.55684pt.
<DFE img/DFE_img_55.png, id=1597, 616.55344pt x 457.71pt>
File: DFE img/DFE_img_55.png Graphic file (type png)
<use DFE img/DFE_img_55.png>
Package pdftex.def Info: DFE img/DFE_img_55.png  used on input line 230.
(pdftex.def)             Requested size: 238.49232pt x 177.04651pt.
 [115 <./DFE img/DFE_img_48.png> <./DFE img/DFE_img_49.png> <./DFE img/DFE_img_50.png>] [116 <./DFE img/DFE_img_51.png> <./DFE img/DFE_img_52.png> <./DFE img/DFE_img_53.png>]
<DFE img/DFE_img_56.png, id=1617, 544.28343pt x 374.14781pt>
File: DFE img/DFE_img_56.png Graphic file (type png)
<use DFE img/DFE_img_56.png>
Package pdftex.def Info: DFE img/DFE_img_56.png  used on input line 265.
(pdftex.def)             Requested size: 166.50922pt x 114.4603pt.
<DFE img/DFE_img_57.png, id=1618, 682.80093pt x 338.76563pt>
File: DFE img/DFE_img_57.png Graphic file (type png)
<use DFE img/DFE_img_57.png>
Package pdftex.def Info: DFE img/DFE_img_57.png  used on input line 273.
(pdftex.def)             Requested size: 166.50922pt x 82.60803pt.
<DFE img/DFE_img_58.png, id=1619, 265.74281pt x 315.42844pt>
File: DFE img/DFE_img_58.png Graphic file (type png)
<use DFE img/DFE_img_58.png>
Package pdftex.def Info: DFE img/DFE_img_58.png  used on input line 284.
(pdftex.def)             Requested size: 173.44534pt x 205.87796pt.
)) [117] [118 <./DFE img/DFE_img_54.png> <./DFE img/DFE_img_55.png>] [119 <./DFE img/DFE_img_56.png> <./DFE img/DFE_img_57.png> <./DFE img/DFE_img_58.png>] [120



] (main.bbl [121

] [122] [123]) [124] (main.aux (Chapters/Chapter1.aux) (Chapters/Chapter2.aux) (Chapters/Chapter3.aux))
 ***********
LaTeX2e <2026-06-01>
L3 programming layer <2026-05-26>
 ***********


LaTeX Warning: Label(s) may have changed. Rerun to get cross-references right.

Package rerunfilecheck Info: File `main.out' has not changed.
(rerunfilecheck)             Checksum: CC7AA02A8B297389ADF261AF192D692C;18325.
 ) 
Here is how much of TeX's memory you used:
 26514 strings out of 467509
 507452 string characters out of 5418889
 913718 words of memory out of 5000000
 54446 multiletter control sequences out of 15000+600000
 729417 words of font info for 296 fonts, out of 8000000 for 9000
 1141 hyphenation exceptions out of 8191
 74i,17n,90p,1083b,1298s stack positions out of 10000i,1000n,20000p,200000b,200000s
<C:/Program Files/MiKTeX/fonts/type1/public/lm/lmbx10.pfb><C:/Program Files/MiKTeX/fonts/type1/public/lm/lmbx12.pfb><C:/Program Files/MiKTeX/fonts/type1/public/lm/lmex10.pfb><C:/Program Files/MiKTeX/fonts/type1/public/lm/lmmi10.pfb><C:/Program Files/MiKTeX/fonts/type1/public/lm/lmmi6.pfb><C:/Program Files/MiKTeX/fonts/type1/public/lm/lmmi7.pfb><C:/Program Files/MiKTeX/fonts/type1/public/lm/lmmi8.pfb><C:/Program Files/MiKTeX/fonts/type1/public/lm/lmr10.pfb><C:/Program Files/MiKTeX/fonts/type1/public/lm/lmr12.pfb><C:/Program Files/MiKTeX/fonts/type1/public/lm/lmr6.pfb><C:/Program Files/MiKTeX/fonts/type1/public/lm/lmr7.pfb><C:/Program Files/MiKTeX/fonts/type1/public/lm/lmr8.pfb><C:/Program Files/MiKTeX/fonts/type1/public/lm/lmr9.pfb><C:/Program Files/MiKTeX/fonts/type1/public/lm/lmri10.pfb><C:/Program Files/MiKTeX/fonts/type1/public/lm/lmro10.pfb><C:/Program Files/MiKTeX/fonts/type1/public/lm/lmro12.pfb><C:/Program Files/MiKTeX/fonts/type1/public/lm/lmro8.pfb><C:/Program Files/MiKTeX/fonts/type1/public/lm/lmsy10.pfb><C:/Program Files/MiKTeX/fonts/type1/public/lm/lmsy8.pfb><C:/Program Files/MiKTeX/fonts/type1/public/lm/lmtk10.pfb><C:/Program Files/MiKTeX/fonts/type1/public/lm/lmtt10.pfb>
Output written on main.pdf (132 pages, 21822213 bytes).
PDF statistics:
 1897 PDF objects out of 2073 (max. 8388607)
 486 named destinations out of 1000 (max. 500000)
 56224 words of extra memory for PDF output out of 61914 (max. 10000000)

